CookieSpec selected: default
Auth cache not set in the context
Connection request: [route: {}->http://localhost:11305][total kept alive: 0; route allocated: 0 of 2000; total allocated: 0 of 2000]
Connection leased: [id: 0][route: {}->http://localhost:11305][total kept alive: 0; route allocated: 1 of 2000; total allocated: 1 of 2000]
Opening connection {}->http://localhost:11305
Connecting to localhost/127.0.0.1:11305
Connection established 127.0.0.1:49850<->127.0.0.1:11305
http-outgoing-0: set socket timeout to 10800000
Executing request POST /session HTTP/1.1
Target auth state: UNCHALLENGED
Proxy auth state: UNCHALLENGED
http-outgoing-0 >> POST /session HTTP/1.1
http-outgoing-0 >> Content-Type: application/json; charset=utf-8
http-outgoing-0 >> Content-Length: 560
http-outgoing-0 >> Host: localhost:11305
http-outgoing-0 >> Connection: Keep-Alive
http-outgoing-0 >> User-Agent: Apache-HttpClient/4.5.3 (Java/1.8.0_221)
http-outgoing-0 >> Accept-Encoding: gzip,deflate
http-outgoing-0 >> "POST /session HTTP/1.1[\r][\n]"
http-outgoing-0 >> "Content-Type: application/json; charset=utf-8[\r][\n]"
http-outgoing-0 >> "Content-Length: 560[\r][\n]"
http-outgoing-0 >> "Host: localhost:11305[\r][\n]"
http-outgoing-0 >> "Connection: Keep-Alive[\r][\n]"
http-outgoing-0 >> "User-Agent: Apache-HttpClient/4.5.3 (Java/1.8.0_221)[\r][\n]"
http-outgoing-0 >> "Accept-Encoding: gzip,deflate[\r][\n]"
http-outgoing-0 >> "[\r][\n]"
http-outgoing-0 >> "{[\n]"
http-outgoing-0 >> "  "desiredCapabilities": {[\n]"
http-outgoing-0 >> "    "browserName": "chrome",[\n]"
http-outgoing-0 >> "    "goog:chromeOptions": {[\n]"
http-outgoing-0 >> "      "args": [],[\n]"
http-outgoing-0 >> "      "extensions": [][\n]"
http-outgoing-0 >> "    }[\n]"
http-outgoing-0 >> "  },[\n]"
http-outgoing-0 >> "  "requiredCapabilities": {},[\n]"
http-outgoing-0 >> "  "capabilities": {[\n]"
http-outgoing-0 >> "    "desiredCapabilities": {[\n]"
http-outgoing-0 >> "      "browserName": "chrome",[\n]"
http-outgoing-0 >> "      "goog:chromeOptions": {[\n]"
http-outgoing-0 >> "        "args": [],[\n]"
http-outgoing-0 >> "        "extensions": [][\n]"
http-outgoing-0 >> "      }[\n]"
http-outgoing-0 >> "    },[\n]"
http-outgoing-0 >> "    "requiredCapabilities": {},[\n]"
http-outgoing-0 >> "    "alwaysMatch": {[\n]"
http-outgoing-0 >> "      "goog:chromeOptions": {[\n]"
http-outgoing-0 >> "        "args": [],[\n]"
http-outgoing-0 >> "        "extensions": [][\n]"
http-outgoing-0 >> "      }[\n]"
http-outgoing-0 >> "    },[\n]"
http-outgoing-0 >> "    "firstMatch": [[\n]"
http-outgoing-0 >> "      {[\n]"
http-outgoing-0 >> "        "browserName": "chrome"[\n]"
http-outgoing-0 >> "      }[\n]"
http-outgoing-0 >> "    ][\n]"
http-outgoing-0 >> "  }[\n]"
http-outgoing-0 >> "}"
http-outgoing-0 << "HTTP/1.1 200 OK[\r][\n]"
http-outgoing-0 << "Content-Length:683[\r][\n]"
http-outgoing-0 << "Content-Type:application/json; charset=utf-8[\r][\n]"
http-outgoing-0 << "cache-control:no-cache[\r][\n]"
http-outgoing-0 << "[\r][\n]"
http-outgoing-0 << "{"value":{"capabilities":{"acceptInsecureCerts":false,"browserName":"chrome","browserVersion":"80.0.3987.149","chrome":{"chromedriverVersion":"80.0.3987.106 (f68069574609230cf9b635cd784cfb1bf81bb53a-refs/branch-heads/3987@{#882})","userDataDir":"C:\\Users\\MONIKA~1\\AppData\\Local\\Temp\\scoped_dir12056_431162887"},"goog:chromeOptions":{"debuggerAddress":"localhost:49852"},"networkConnectionEnabled":false,"pageLoadStrategy":"normal","platformName":"windows","proxy":{},"setWindowRect":true,"strictFileInteractability":false,"timeouts":{"implicit":0,"pageLoad":300000,"script":30000},"unhandledPromptBehavior":"dismiss and notify"},"sessionId":"1014bfea57b6cd7c901eca42aff2da28"}}"
http-outgoing-0 << HTTP/1.1 200 OK
http-outgoing-0 << Content-Length:683
http-outgoing-0 << Content-Type:application/json; charset=utf-8
http-outgoing-0 << cache-control:no-cache
Connection can be kept alive indefinitely
Connection [id: 0][route: {}->http://localhost:11305] can be kept alive indefinitely
Connection released: [id: 0][route: {}->http://localhost:11305][total kept alive: 1; route allocated: 1 of 2000; total allocated: 1 of 2000]
CookieSpec selected: default
Auth cache not set in the context
Connection request: [route: {}->http://localhost:39576][total kept alive: 0; route allocated: 0 of 2000; total allocated: 0 of 2000]
Connection leased: [id: 0][route: {}->http://localhost:39576][total kept alive: 0; route allocated: 1 of 2000; total allocated: 1 of 2000]
Opening connection {}->http://localhost:39576
Connecting to localhost/127.0.0.1:39576
Connection established 127.0.0.1:49902<->127.0.0.1:39576
http-outgoing-0: set socket timeout to 10800000
Executing request POST /session HTTP/1.1
Target auth state: UNCHALLENGED
Proxy auth state: UNCHALLENGED
http-outgoing-0 >> POST /session HTTP/1.1
http-outgoing-0 >> Content-Type: application/json; charset=utf-8
http-outgoing-0 >> Content-Length: 560
http-outgoing-0 >> Host: localhost:39576
http-outgoing-0 >> Connection: Keep-Alive
http-outgoing-0 >> User-Agent: Apache-HttpClient/4.5.3 (Java/1.8.0_221)
http-outgoing-0 >> Accept-Encoding: gzip,deflate
http-outgoing-0 >> "POST /session HTTP/1.1[\r][\n]"
http-outgoing-0 >> "Content-Type: application/json; charset=utf-8[\r][\n]"
http-outgoing-0 >> "Content-Length: 560[\r][\n]"
http-outgoing-0 >> "Host: localhost:39576[\r][\n]"
http-outgoing-0 >> "Connection: Keep-Alive[\r][\n]"
http-outgoing-0 >> "User-Agent: Apache-HttpClient/4.5.3 (Java/1.8.0_221)[\r][\n]"
http-outgoing-0 >> "Accept-Encoding: gzip,deflate[\r][\n]"
http-outgoing-0 >> "[\r][\n]"
http-outgoing-0 >> "{[\n]"
http-outgoing-0 >> "  "desiredCapabilities": {[\n]"
http-outgoing-0 >> "    "browserName": "chrome",[\n]"
http-outgoing-0 >> "    "goog:chromeOptions": {[\n]"
http-outgoing-0 >> "      "args": [],[\n]"
http-outgoing-0 >> "      "extensions": [][\n]"
http-outgoing-0 >> "    }[\n]"
http-outgoing-0 >> "  },[\n]"
http-outgoing-0 >> "  "requiredCapabilities": {},[\n]"
http-outgoing-0 >> "  "capabilities": {[\n]"
http-outgoing-0 >> "    "desiredCapabilities": {[\n]"
http-outgoing-0 >> "      "browserName": "chrome",[\n]"
http-outgoing-0 >> "      "goog:chromeOptions": {[\n]"
http-outgoing-0 >> "        "args": [],[\n]"
http-outgoing-0 >> "        "extensions": [][\n]"
http-outgoing-0 >> "      }[\n]"
http-outgoing-0 >> "    },[\n]"
http-outgoing-0 >> "    "requiredCapabilities": {},[\n]"
http-outgoing-0 >> "    "alwaysMatch": {[\n]"
http-outgoing-0 >> "      "goog:chromeOptions": {[\n]"
http-outgoing-0 >> "        "args": [],[\n]"
http-outgoing-0 >> "        "extensions": [][\n]"
http-outgoing-0 >> "      }[\n]"
http-outgoing-0 >> "    },[\n]"
http-outgoing-0 >> "    "firstMatch": [[\n]"
http-outgoing-0 >> "      {[\n]"
http-outgoing-0 >> "        "browserName": "chrome"[\n]"
http-outgoing-0 >> "      }[\n]"
http-outgoing-0 >> "    ][\n]"
http-outgoing-0 >> "  }[\n]"
http-outgoing-0 >> "}"
http-outgoing-0 << "HTTP/1.1 200 OK[\r][\n]"
http-outgoing-0 << "Content-Length:683[\r][\n]"
http-outgoing-0 << "Content-Type:application/json; charset=utf-8[\r][\n]"
http-outgoing-0 << "cache-control:no-cache[\r][\n]"
http-outgoing-0 << "[\r][\n]"
http-outgoing-0 << "{"value":{"capabilities":{"acceptInsecureCerts":false,"browserName":"chrome","browserVersion":"80.0.3987.149","chrome":{"chromedriverVersion":"80.0.3987.106 (f68069574609230cf9b635cd784cfb1bf81bb53a-refs/branch-heads/3987@{#882})","userDataDir":"C:\\Users\\MONIKA~1\\AppData\\Local\\Temp\\scoped_dir7668_1307731460"},"goog:chromeOptions":{"debuggerAddress":"localhost:49903"},"networkConnectionEnabled":false,"pageLoadStrategy":"normal","platformName":"windows","proxy":{},"setWindowRect":true,"strictFileInteractability":false,"timeouts":{"implicit":0,"pageLoad":300000,"script":30000},"unhandledPromptBehavior":"dismiss and notify"},"sessionId":"baa22b2394f0c8e6d8881b91b93cc16c"}}"
http-outgoing-0 << HTTP/1.1 200 OK
http-outgoing-0 << Content-Length:683
http-outgoing-0 << Content-Type:application/json; charset=utf-8
http-outgoing-0 << cache-control:no-cache
Connection can be kept alive indefinitely
Connection [id: 0][route: {}->http://localhost:39576] can be kept alive indefinitely
Connection released: [id: 0][route: {}->http://localhost:39576][total kept alive: 1; route allocated: 1 of 2000; total allocated: 1 of 2000]
CookieSpec selected: default
Auth cache not set in the context
Connection request: [route: {}->http://localhost:15275][total kept alive: 0; route allocated: 0 of 2000; total allocated: 0 of 2000]
Connection leased: [id: 0][route: {}->http://localhost:15275][total kept alive: 0; route allocated: 1 of 2000; total allocated: 1 of 2000]
Opening connection {}->http://localhost:15275
Connecting to localhost/127.0.0.1:15275
Connection established 127.0.0.1:49932<->127.0.0.1:15275
http-outgoing-0: set socket timeout to 10800000
Executing request POST /session HTTP/1.1
Target auth state: UNCHALLENGED
Proxy auth state: UNCHALLENGED
http-outgoing-0 >> POST /session HTTP/1.1
http-outgoing-0 >> Content-Type: application/json; charset=utf-8
http-outgoing-0 >> Content-Length: 560
http-outgoing-0 >> Host: localhost:15275
http-outgoing-0 >> Connection: Keep-Alive
http-outgoing-0 >> User-Agent: Apache-HttpClient/4.5.3 (Java/1.8.0_221)
http-outgoing-0 >> Accept-Encoding: gzip,deflate
http-outgoing-0 >> "POST /session HTTP/1.1[\r][\n]"
http-outgoing-0 >> "Content-Type: application/json; charset=utf-8[\r][\n]"
http-outgoing-0 >> "Content-Length: 560[\r][\n]"
http-outgoing-0 >> "Host: localhost:15275[\r][\n]"
http-outgoing-0 >> "Connection: Keep-Alive[\r][\n]"
http-outgoing-0 >> "User-Agent: Apache-HttpClient/4.5.3 (Java/1.8.0_221)[\r][\n]"
http-outgoing-0 >> "Accept-Encoding: gzip,deflate[\r][\n]"
http-outgoing-0 >> "[\r][\n]"
http-outgoing-0 >> "{[\n]"
http-outgoing-0 >> "  "desiredCapabilities": {[\n]"
http-outgoing-0 >> "    "browserName": "chrome",[\n]"
http-outgoing-0 >> "    "goog:chromeOptions": {[\n]"
http-outgoing-0 >> "      "args": [],[\n]"
http-outgoing-0 >> "      "extensions": [][\n]"
http-outgoing-0 >> "    }[\n]"
http-outgoing-0 >> "  },[\n]"
http-outgoing-0 >> "  "requiredCapabilities": {},[\n]"
http-outgoing-0 >> "  "capabilities": {[\n]"
http-outgoing-0 >> "    "desiredCapabilities": {[\n]"
http-outgoing-0 >> "      "browserName": "chrome",[\n]"
http-outgoing-0 >> "      "goog:chromeOptions": {[\n]"
http-outgoing-0 >> "        "args": [],[\n]"
http-outgoing-0 >> "        "extensions": [][\n]"
http-outgoing-0 >> "      }[\n]"
http-outgoing-0 >> "    },[\n]"
http-outgoing-0 >> "    "requiredCapabilities": {},[\n]"
http-outgoing-0 >> "    "alwaysMatch": {[\n]"
http-outgoing-0 >> "      "goog:chromeOptions": {[\n]"
http-outgoing-0 >> "        "args": [],[\n]"
http-outgoing-0 >> "        "extensions": [][\n]"
http-outgoing-0 >> "      }[\n]"
http-outgoing-0 >> "    },[\n]"
http-outgoing-0 >> "    "firstMatch": [[\n]"
http-outgoing-0 >> "      {[\n]"
http-outgoing-0 >> "        "browserName": "chrome"[\n]"
http-outgoing-0 >> "      }[\n]"
http-outgoing-0 >> "    ][\n]"
http-outgoing-0 >> "  }[\n]"
http-outgoing-0 >> "}"
http-outgoing-0 << "HTTP/1.1 200 OK[\r][\n]"
http-outgoing-0 << "Content-Length:683[\r][\n]"
http-outgoing-0 << "Content-Type:application/json; charset=utf-8[\r][\n]"
http-outgoing-0 << "cache-control:no-cache[\r][\n]"
http-outgoing-0 << "[\r][\n]"
http-outgoing-0 << "{"value":{"capabilities":{"acceptInsecureCerts":false,"browserName":"chrome","browserVersion":"80.0.3987.149","chrome":{"chromedriverVersion":"80.0.3987.106 (f68069574609230cf9b635cd784cfb1bf81bb53a-refs/branch-heads/3987@{#882})","userDataDir":"C:\\Users\\MONIKA~1\\AppData\\Local\\Temp\\scoped_dir11980_936726915"},"goog:chromeOptions":{"debuggerAddress":"localhost:49936"},"networkConnectionEnabled":false,"pageLoadStrategy":"normal","platformName":"windows","proxy":{},"setWindowRect":true,"strictFileInteractability":false,"timeouts":{"implicit":0,"pageLoad":300000,"script":30000},"unhandledPromptBehavior":"dismiss and notify"},"sessionId":"64b1a74c335bd48186eef5e4c5eb59c6"}}"
http-outgoing-0 << HTTP/1.1 200 OK
http-outgoing-0 << Content-Length:683
http-outgoing-0 << Content-Type:application/json; charset=utf-8
http-outgoing-0 << cache-control:no-cache
Connection can be kept alive indefinitely
Connection [id: 0][route: {}->http://localhost:15275] can be kept alive indefinitely
Connection released: [id: 0][route: {}->http://localhost:15275][total kept alive: 1; route allocated: 1 of 2000; total allocated: 1 of 2000]
******************************Starting Chrome*********************************
CookieSpec selected: default
Auth cache not set in the context
Connection request: [route: {}->http://localhost:15275][total kept alive: 1; route allocated: 1 of 2000; total allocated: 1 of 2000]
Connection leased: [id: 0][route: {}->http://localhost:15275][total kept alive: 0; route allocated: 1 of 2000; total allocated: 1 of 2000]
Stale connection check
http-outgoing-0 << "[read] I/O error: Read timed out"
http-outgoing-0: set socket timeout to 10800000
Executing request POST /session/64b1a74c335bd48186eef5e4c5eb59c6/url HTTP/1.1
Target auth state: UNCHALLENGED
Proxy auth state: UNCHALLENGED
http-outgoing-0 >> POST /session/64b1a74c335bd48186eef5e4c5eb59c6/url HTTP/1.1
http-outgoing-0 >> Content-Type: application/json; charset=utf-8
http-outgoing-0 >> Content-Length: 91
http-outgoing-0 >> Host: localhost:15275
http-outgoing-0 >> Connection: Keep-Alive
http-outgoing-0 >> User-Agent: Apache-HttpClient/4.5.3 (Java/1.8.0_221)
http-outgoing-0 >> Accept-Encoding: gzip,deflate
http-outgoing-0 >> "POST /session/64b1a74c335bd48186eef5e4c5eb59c6/url HTTP/1.1[\r][\n]"
http-outgoing-0 >> "Content-Type: application/json; charset=utf-8[\r][\n]"
http-outgoing-0 >> "Content-Length: 91[\r][\n]"
http-outgoing-0 >> "Host: localhost:15275[\r][\n]"
http-outgoing-0 >> "Connection: Keep-Alive[\r][\n]"
http-outgoing-0 >> "User-Agent: Apache-HttpClient/4.5.3 (Java/1.8.0_221)[\r][\n]"
http-outgoing-0 >> "Accept-Encoding: gzip,deflate[\r][\n]"
http-outgoing-0 >> "[\r][\n]"
http-outgoing-0 >> "{"url":"http://automationpractice.com/index.php?controller=authentication&back=my-account"}"
http-outgoing-0 << "HTTP/1.1 200 OK[\r][\n]"
http-outgoing-0 << "Content-Length:14[\r][\n]"
http-outgoing-0 << "Content-Type:application/json; charset=utf-8[\r][\n]"
http-outgoing-0 << "cache-control:no-cache[\r][\n]"
http-outgoing-0 << "[\r][\n]"
http-outgoing-0 << "{"value":null}"
http-outgoing-0 << HTTP/1.1 200 OK
http-outgoing-0 << Content-Length:14
http-outgoing-0 << Content-Type:application/json; charset=utf-8
http-outgoing-0 << cache-control:no-cache
Connection can be kept alive indefinitely
Connection [id: 0][route: {}->http://localhost:15275] can be kept alive indefinitely
Connection released: [id: 0][route: {}->http://localhost:15275][total kept alive: 1; route allocated: 1 of 2000; total allocated: 1 of 2000]
CookieSpec selected: default
Auth cache not set in the context
Connection request: [route: {}->http://localhost:6590][total kept alive: 0; route allocated: 0 of 2000; total allocated: 0 of 2000]
Connection leased: [id: 0][route: {}->http://localhost:6590][total kept alive: 0; route allocated: 1 of 2000; total allocated: 1 of 2000]
Opening connection {}->http://localhost:6590
Connecting to localhost/127.0.0.1:6590
Connection established 127.0.0.1:49984<->127.0.0.1:6590
http-outgoing-0: set socket timeout to 10800000
Executing request POST /session HTTP/1.1
Target auth state: UNCHALLENGED
Proxy auth state: UNCHALLENGED
http-outgoing-0 >> POST /session HTTP/1.1
http-outgoing-0 >> Content-Type: application/json; charset=utf-8
http-outgoing-0 >> Content-Length: 560
http-outgoing-0 >> Host: localhost:6590
http-outgoing-0 >> Connection: Keep-Alive
http-outgoing-0 >> User-Agent: Apache-HttpClient/4.5.3 (Java/1.8.0_221)
http-outgoing-0 >> Accept-Encoding: gzip,deflate
http-outgoing-0 >> "POST /session HTTP/1.1[\r][\n]"
http-outgoing-0 >> "Content-Type: application/json; charset=utf-8[\r][\n]"
http-outgoing-0 >> "Content-Length: 560[\r][\n]"
http-outgoing-0 >> "Host: localhost:6590[\r][\n]"
http-outgoing-0 >> "Connection: Keep-Alive[\r][\n]"
http-outgoing-0 >> "User-Agent: Apache-HttpClient/4.5.3 (Java/1.8.0_221)[\r][\n]"
http-outgoing-0 >> "Accept-Encoding: gzip,deflate[\r][\n]"
http-outgoing-0 >> "[\r][\n]"
http-outgoing-0 >> "{[\n]"
http-outgoing-0 >> "  "desiredCapabilities": {[\n]"
http-outgoing-0 >> "    "browserName": "chrome",[\n]"
http-outgoing-0 >> "    "goog:chromeOptions": {[\n]"
http-outgoing-0 >> "      "args": [],[\n]"
http-outgoing-0 >> "      "extensions": [][\n]"
http-outgoing-0 >> "    }[\n]"
http-outgoing-0 >> "  },[\n]"
http-outgoing-0 >> "  "requiredCapabilities": {},[\n]"
http-outgoing-0 >> "  "capabilities": {[\n]"
http-outgoing-0 >> "    "desiredCapabilities": {[\n]"
http-outgoing-0 >> "      "browserName": "chrome",[\n]"
http-outgoing-0 >> "      "goog:chromeOptions": {[\n]"
http-outgoing-0 >> "        "args": [],[\n]"
http-outgoing-0 >> "        "extensions": [][\n]"
http-outgoing-0 >> "      }[\n]"
http-outgoing-0 >> "    },[\n]"
http-outgoing-0 >> "    "requiredCapabilities": {},[\n]"
http-outgoing-0 >> "    "alwaysMatch": {[\n]"
http-outgoing-0 >> "      "goog:chromeOptions": {[\n]"
http-outgoing-0 >> "        "args": [],[\n]"
http-outgoing-0 >> "        "extensions": [][\n]"
http-outgoing-0 >> "      }[\n]"
http-outgoing-0 >> "    },[\n]"
http-outgoing-0 >> "    "firstMatch": [[\n]"
http-outgoing-0 >> "      {[\n]"
http-outgoing-0 >> "        "browserName": "chrome"[\n]"
http-outgoing-0 >> "      }[\n]"
http-outgoing-0 >> "    ][\n]"
http-outgoing-0 >> "  }[\n]"
http-outgoing-0 >> "}"
http-outgoing-0 << "HTTP/1.1 200 OK[\r][\n]"
http-outgoing-0 << "Content-Length:683[\r][\n]"
http-outgoing-0 << "Content-Type:application/json; charset=utf-8[\r][\n]"
http-outgoing-0 << "cache-control:no-cache[\r][\n]"
http-outgoing-0 << "[\r][\n]"
http-outgoing-0 << "{"value":{"capabilities":{"acceptInsecureCerts":false,"browserName":"chrome","browserVersion":"80.0.3987.149","chrome":{"chromedriverVersion":"80.0.3987.106 (f68069574609230cf9b635cd784cfb1bf81bb53a-refs/branch-heads/3987@{#882})","userDataDir":"C:\\Users\\MONIKA~1\\AppData\\Local\\Temp\\scoped_dir4508_1516588484"},"goog:chromeOptions":{"debuggerAddress":"localhost:49987"},"networkConnectionEnabled":false,"pageLoadStrategy":"normal","platformName":"windows","proxy":{},"setWindowRect":true,"strictFileInteractability":false,"timeouts":{"implicit":0,"pageLoad":300000,"script":30000},"unhandledPromptBehavior":"dismiss and notify"},"sessionId":"a552f46dfe4207e558eea7fed9a208fe"}}"
http-outgoing-0 << HTTP/1.1 200 OK
http-outgoing-0 << Content-Length:683
http-outgoing-0 << Content-Type:application/json; charset=utf-8
http-outgoing-0 << cache-control:no-cache
Connection can be kept alive indefinitely
Connection [id: 0][route: {}->http://localhost:6590] can be kept alive indefinitely
Connection released: [id: 0][route: {}->http://localhost:6590][total kept alive: 1; route allocated: 1 of 2000; total allocated: 1 of 2000]
******************************Starting Chrome*********************************
CookieSpec selected: default
Auth cache not set in the context
Connection request: [route: {}->http://localhost:6590][total kept alive: 1; route allocated: 1 of 2000; total allocated: 1 of 2000]
Connection leased: [id: 0][route: {}->http://localhost:6590][total kept alive: 0; route allocated: 1 of 2000; total allocated: 1 of 2000]
Stale connection check
http-outgoing-0 << "[read] I/O error: Read timed out"
http-outgoing-0: set socket timeout to 10800000
Executing request POST /session/a552f46dfe4207e558eea7fed9a208fe/url HTTP/1.1
Target auth state: UNCHALLENGED
Proxy auth state: UNCHALLENGED
http-outgoing-0 >> POST /session/a552f46dfe4207e558eea7fed9a208fe/url HTTP/1.1
http-outgoing-0 >> Content-Type: application/json; charset=utf-8
http-outgoing-0 >> Content-Length: 91
http-outgoing-0 >> Host: localhost:6590
http-outgoing-0 >> Connection: Keep-Alive
http-outgoing-0 >> User-Agent: Apache-HttpClient/4.5.3 (Java/1.8.0_221)
http-outgoing-0 >> Accept-Encoding: gzip,deflate
http-outgoing-0 >> "POST /session/a552f46dfe4207e558eea7fed9a208fe/url HTTP/1.1[\r][\n]"
http-outgoing-0 >> "Content-Type: application/json; charset=utf-8[\r][\n]"
http-outgoing-0 >> "Content-Length: 91[\r][\n]"
http-outgoing-0 >> "Host: localhost:6590[\r][\n]"
http-outgoing-0 >> "Connection: Keep-Alive[\r][\n]"
http-outgoing-0 >> "User-Agent: Apache-HttpClient/4.5.3 (Java/1.8.0_221)[\r][\n]"
http-outgoing-0 >> "Accept-Encoding: gzip,deflate[\r][\n]"
http-outgoing-0 >> "[\r][\n]"
http-outgoing-0 >> "{"url":"http://automationpractice.com/index.php?controller=authentication&back=my-account"}"
http-outgoing-0 << "HTTP/1.1 200 OK[\r][\n]"
http-outgoing-0 << "Content-Length:14[\r][\n]"
http-outgoing-0 << "Content-Type:application/json; charset=utf-8[\r][\n]"
http-outgoing-0 << "cache-control:no-cache[\r][\n]"
http-outgoing-0 << "[\r][\n]"
http-outgoing-0 << "{"value":null}"
http-outgoing-0 << HTTP/1.1 200 OK
http-outgoing-0 << Content-Length:14
http-outgoing-0 << Content-Type:application/json; charset=utf-8
http-outgoing-0 << cache-control:no-cache
Connection can be kept alive indefinitely
Connection [id: 0][route: {}->http://localhost:6590] can be kept alive indefinitely
Connection released: [id: 0][route: {}->http://localhost:6590][total kept alive: 1; route allocated: 1 of 2000; total allocated: 1 of 2000]
CookieSpec selected: default
Auth cache not set in the context
Connection request: [route: {}->http://localhost:6590][total kept alive: 1; route allocated: 1 of 2000; total allocated: 1 of 2000]
Connection leased: [id: 0][route: {}->http://localhost:6590][total kept alive: 0; route allocated: 1 of 2000; total allocated: 1 of 2000]
Stale connection check
http-outgoing-0 << "[read] I/O error: Read timed out"
http-outgoing-0: set socket timeout to 10800000
Executing request POST /session/a552f46dfe4207e558eea7fed9a208fe/element HTTP/1.1
Target auth state: UNCHALLENGED
Proxy auth state: UNCHALLENGED
http-outgoing-0 >> POST /session/a552f46dfe4207e558eea7fed9a208fe/element HTTP/1.1
http-outgoing-0 >> Content-Type: application/json; charset=utf-8
http-outgoing-0 >> Content-Length: 50
http-outgoing-0 >> Host: localhost:6590
http-outgoing-0 >> Connection: Keep-Alive
http-outgoing-0 >> User-Agent: Apache-HttpClient/4.5.3 (Java/1.8.0_221)
http-outgoing-0 >> Accept-Encoding: gzip,deflate
http-outgoing-0 >> "POST /session/a552f46dfe4207e558eea7fed9a208fe/element HTTP/1.1[\r][\n]"
http-outgoing-0 >> "Content-Type: application/json; charset=utf-8[\r][\n]"
http-outgoing-0 >> "Content-Length: 50[\r][\n]"
http-outgoing-0 >> "Host: localhost:6590[\r][\n]"
http-outgoing-0 >> "Connection: Keep-Alive[\r][\n]"
http-outgoing-0 >> "User-Agent: Apache-HttpClient/4.5.3 (Java/1.8.0_221)[\r][\n]"
http-outgoing-0 >> "Accept-Encoding: gzip,deflate[\r][\n]"
http-outgoing-0 >> "[\r][\n]"
http-outgoing-0 >> "{"value":"//input[@id=\"email\"]","using":"xpath"}"
http-outgoing-0 << "HTTP/1.1 200 OK[\r][\n]"
http-outgoing-0 << "Content-Length:88[\r][\n]"
http-outgoing-0 << "Content-Type:application/json; charset=utf-8[\r][\n]"
http-outgoing-0 << "cache-control:no-cache[\r][\n]"
http-outgoing-0 << "[\r][\n]"
http-outgoing-0 << "{"value":{"element-6066-11e4-a52e-4f735466cecf":"557a7aec-7bae-4528-845b-890dd303e6a5"}}"
http-outgoing-0 << HTTP/1.1 200 OK
http-outgoing-0 << Content-Length:88
http-outgoing-0 << Content-Type:application/json; charset=utf-8
http-outgoing-0 << cache-control:no-cache
Connection can be kept alive indefinitely
Connection [id: 0][route: {}->http://localhost:6590] can be kept alive indefinitely
Connection released: [id: 0][route: {}->http://localhost:6590][total kept alive: 1; route allocated: 1 of 2000; total allocated: 1 of 2000]
CookieSpec selected: default
Auth cache not set in the context
Connection request: [route: {}->http://localhost:6590][total kept alive: 1; route allocated: 1 of 2000; total allocated: 1 of 2000]
Connection leased: [id: 0][route: {}->http://localhost:6590][total kept alive: 0; route allocated: 1 of 2000; total allocated: 1 of 2000]
Stale connection check
http-outgoing-0 << "[read] I/O error: Read timed out"
http-outgoing-0: set socket timeout to 10800000
Executing request POST /session/a552f46dfe4207e558eea7fed9a208fe/element/557a7aec-7bae-4528-845b-890dd303e6a5/value HTTP/1.1
Target auth state: UNCHALLENGED
Proxy auth state: UNCHALLENGED
http-outgoing-0 >> POST /session/a552f46dfe4207e558eea7fed9a208fe/element/557a7aec-7bae-4528-845b-890dd303e6a5/value HTTP/1.1
http-outgoing-0 >> Content-Type: application/json; charset=utf-8
http-outgoing-0 >> Content-Length: 200
http-outgoing-0 >> Host: localhost:6590
http-outgoing-0 >> Connection: Keep-Alive
http-outgoing-0 >> User-Agent: Apache-HttpClient/4.5.3 (Java/1.8.0_221)
http-outgoing-0 >> Accept-Encoding: gzip,deflate
http-outgoing-0 >> "POST /session/a552f46dfe4207e558eea7fed9a208fe/element/557a7aec-7bae-4528-845b-890dd303e6a5/value HTTP/1.1[\r][\n]"
http-outgoing-0 >> "Content-Type: application/json; charset=utf-8[\r][\n]"
http-outgoing-0 >> "Content-Length: 200[\r][\n]"
http-outgoing-0 >> "Host: localhost:6590[\r][\n]"
http-outgoing-0 >> "Connection: Keep-Alive[\r][\n]"
http-outgoing-0 >> "User-Agent: Apache-HttpClient/4.5.3 (Java/1.8.0_221)[\r][\n]"
http-outgoing-0 >> "Accept-Encoding: gzip,deflate[\r][\n]"
http-outgoing-0 >> "[\r][\n]"
http-outgoing-0 >> "{"id":"557a7aec-7bae-4528-845b-890dd303e6a5","text":"chaudhari.moni789@gmail.com","value":["c","h","a","u","d","h","a","r","i",".","m","o","n","i","7","8","9","@","g","m","a","i","l",".","c","o","m"]}"
http-outgoing-0 << "HTTP/1.1 200 OK[\r][\n]"
http-outgoing-0 << "Content-Length:14[\r][\n]"
http-outgoing-0 << "Content-Type:application/json; charset=utf-8[\r][\n]"
http-outgoing-0 << "cache-control:no-cache[\r][\n]"
http-outgoing-0 << "[\r][\n]"
http-outgoing-0 << "{"value":null}"
http-outgoing-0 << HTTP/1.1 200 OK
http-outgoing-0 << Content-Length:14
http-outgoing-0 << Content-Type:application/json; charset=utf-8
http-outgoing-0 << cache-control:no-cache
Connection can be kept alive indefinitely
Connection [id: 0][route: {}->http://localhost:6590] can be kept alive indefinitely
Connection released: [id: 0][route: {}->http://localhost:6590][total kept alive: 1; route allocated: 1 of 2000; total allocated: 1 of 2000]
CookieSpec selected: default
Auth cache not set in the context
Connection request: [route: {}->http://localhost:6590][total kept alive: 1; route allocated: 1 of 2000; total allocated: 1 of 2000]
Connection leased: [id: 0][route: {}->http://localhost:6590][total kept alive: 0; route allocated: 1 of 2000; total allocated: 1 of 2000]
Stale connection check
http-outgoing-0 << "[read] I/O error: Read timed out"
http-outgoing-0: set socket timeout to 10800000
Executing request POST /session/a552f46dfe4207e558eea7fed9a208fe/element HTTP/1.1
Target auth state: UNCHALLENGED
Proxy auth state: UNCHALLENGED
http-outgoing-0 >> POST /session/a552f46dfe4207e558eea7fed9a208fe/element HTTP/1.1
http-outgoing-0 >> Content-Type: application/json; charset=utf-8
http-outgoing-0 >> Content-Length: 53
http-outgoing-0 >> Host: localhost:6590
http-outgoing-0 >> Connection: Keep-Alive
http-outgoing-0 >> User-Agent: Apache-HttpClient/4.5.3 (Java/1.8.0_221)
http-outgoing-0 >> Accept-Encoding: gzip,deflate
http-outgoing-0 >> "POST /session/a552f46dfe4207e558eea7fed9a208fe/element HTTP/1.1[\r][\n]"
http-outgoing-0 >> "Content-Type: application/json; charset=utf-8[\r][\n]"
http-outgoing-0 >> "Content-Length: 53[\r][\n]"
http-outgoing-0 >> "Host: localhost:6590[\r][\n]"
http-outgoing-0 >> "Connection: Keep-Alive[\r][\n]"
http-outgoing-0 >> "User-Agent: Apache-HttpClient/4.5.3 (Java/1.8.0_221)[\r][\n]"
http-outgoing-0 >> "Accept-Encoding: gzip,deflate[\r][\n]"
http-outgoing-0 >> "[\r][\n]"
http-outgoing-0 >> "{"value":"//input[@name=\"passwd\"]","using":"xpath"}"
http-outgoing-0 << "HTTP/1.1 200 OK[\r][\n]"
http-outgoing-0 << "Content-Length:88[\r][\n]"
http-outgoing-0 << "Content-Type:application/json; charset=utf-8[\r][\n]"
http-outgoing-0 << "cache-control:no-cache[\r][\n]"
http-outgoing-0 << "[\r][\n]"
http-outgoing-0 << "{"value":{"element-6066-11e4-a52e-4f735466cecf":"d588c9de-67d2-4a41-9f21-ea62b6b12def"}}"
http-outgoing-0 << HTTP/1.1 200 OK
http-outgoing-0 << Content-Length:88
http-outgoing-0 << Content-Type:application/json; charset=utf-8
http-outgoing-0 << cache-control:no-cache
Connection can be kept alive indefinitely
Connection [id: 0][route: {}->http://localhost:6590] can be kept alive indefinitely
Connection released: [id: 0][route: {}->http://localhost:6590][total kept alive: 1; route allocated: 1 of 2000; total allocated: 1 of 2000]
CookieSpec selected: default
Auth cache not set in the context
Connection request: [route: {}->http://localhost:6590][total kept alive: 1; route allocated: 1 of 2000; total allocated: 1 of 2000]
Connection leased: [id: 0][route: {}->http://localhost:6590][total kept alive: 0; route allocated: 1 of 2000; total allocated: 1 of 2000]
Stale connection check
http-outgoing-0 << "[read] I/O error: Read timed out"
http-outgoing-0: set socket timeout to 10800000
Executing request POST /session/a552f46dfe4207e558eea7fed9a208fe/element/d588c9de-67d2-4a41-9f21-ea62b6b12def/value HTTP/1.1
Target auth state: UNCHALLENGED
Proxy auth state: UNCHALLENGED
http-outgoing-0 >> POST /session/a552f46dfe4207e558eea7fed9a208fe/element/d588c9de-67d2-4a41-9f21-ea62b6b12def/value HTTP/1.1
http-outgoing-0 >> Content-Type: application/json; charset=utf-8
http-outgoing-0 >> Content-Length: 115
http-outgoing-0 >> Host: localhost:6590
http-outgoing-0 >> Connection: Keep-Alive
http-outgoing-0 >> User-Agent: Apache-HttpClient/4.5.3 (Java/1.8.0_221)
http-outgoing-0 >> Accept-Encoding: gzip,deflate
http-outgoing-0 >> "POST /session/a552f46dfe4207e558eea7fed9a208fe/element/d588c9de-67d2-4a41-9f21-ea62b6b12def/value HTTP/1.1[\r][\n]"
http-outgoing-0 >> "Content-Type: application/json; charset=utf-8[\r][\n]"
http-outgoing-0 >> "Content-Length: 115[\r][\n]"
http-outgoing-0 >> "Host: localhost:6590[\r][\n]"
http-outgoing-0 >> "Connection: Keep-Alive[\r][\n]"
http-outgoing-0 >> "User-Agent: Apache-HttpClient/4.5.3 (Java/1.8.0_221)[\r][\n]"
http-outgoing-0 >> "Accept-Encoding: gzip,deflate[\r][\n]"
http-outgoing-0 >> "[\r][\n]"
http-outgoing-0 >> "{"id":"d588c9de-67d2-4a41-9f21-ea62b6b12def","text":"Monika@123","value":["M","o","n","i","k","a","@","1","2","3"]}"
http-outgoing-0 << "HTTP/1.1 200 OK[\r][\n]"
http-outgoing-0 << "Content-Length:14[\r][\n]"
http-outgoing-0 << "Content-Type:application/json; charset=utf-8[\r][\n]"
http-outgoing-0 << "cache-control:no-cache[\r][\n]"
http-outgoing-0 << "[\r][\n]"
http-outgoing-0 << "{"value":null}"
http-outgoing-0 << HTTP/1.1 200 OK
http-outgoing-0 << Content-Length:14
http-outgoing-0 << Content-Type:application/json; charset=utf-8
http-outgoing-0 << cache-control:no-cache
Connection can be kept alive indefinitely
Connection [id: 0][route: {}->http://localhost:6590] can be kept alive indefinitely
Connection released: [id: 0][route: {}->http://localhost:6590][total kept alive: 1; route allocated: 1 of 2000; total allocated: 1 of 2000]
CookieSpec selected: default
Auth cache not set in the context
Connection request: [route: {}->http://localhost:6590][total kept alive: 1; route allocated: 1 of 2000; total allocated: 1 of 2000]
Connection leased: [id: 0][route: {}->http://localhost:6590][total kept alive: 0; route allocated: 1 of 2000; total allocated: 1 of 2000]
Stale connection check
http-outgoing-0 << "[read] I/O error: Read timed out"
http-outgoing-0: set socket timeout to 10800000
Executing request POST /session/a552f46dfe4207e558eea7fed9a208fe/element HTTP/1.1
Target auth state: UNCHALLENGED
Proxy auth state: UNCHALLENGED
http-outgoing-0 >> POST /session/a552f46dfe4207e558eea7fed9a208fe/element HTTP/1.1
http-outgoing-0 >> Content-Type: application/json; charset=utf-8
http-outgoing-0 >> Content-Length: 57
http-outgoing-0 >> Host: localhost:6590
http-outgoing-0 >> Connection: Keep-Alive
http-outgoing-0 >> User-Agent: Apache-HttpClient/4.5.3 (Java/1.8.0_221)
http-outgoing-0 >> Accept-Encoding: gzip,deflate
http-outgoing-0 >> "POST /session/a552f46dfe4207e558eea7fed9a208fe/element HTTP/1.1[\r][\n]"
http-outgoing-0 >> "Content-Type: application/json; charset=utf-8[\r][\n]"
http-outgoing-0 >> "Content-Length: 57[\r][\n]"
http-outgoing-0 >> "Host: localhost:6590[\r][\n]"
http-outgoing-0 >> "Connection: Keep-Alive[\r][\n]"
http-outgoing-0 >> "User-Agent: Apache-HttpClient/4.5.3 (Java/1.8.0_221)[\r][\n]"
http-outgoing-0 >> "Accept-Encoding: gzip,deflate[\r][\n]"
http-outgoing-0 >> "[\r][\n]"
http-outgoing-0 >> "{"value":"//button[@id=\"SubmitLogin\"]","using":"xpath"}"
http-outgoing-0 << "HTTP/1.1 200 OK[\r][\n]"
http-outgoing-0 << "Content-Length:88[\r][\n]"
http-outgoing-0 << "Content-Type:application/json; charset=utf-8[\r][\n]"
http-outgoing-0 << "cache-control:no-cache[\r][\n]"
http-outgoing-0 << "[\r][\n]"
http-outgoing-0 << "{"value":{"element-6066-11e4-a52e-4f735466cecf":"5baa40ce-53c6-4fad-b5c5-e172e400c1e3"}}"
http-outgoing-0 << HTTP/1.1 200 OK
http-outgoing-0 << Content-Length:88
http-outgoing-0 << Content-Type:application/json; charset=utf-8
http-outgoing-0 << cache-control:no-cache
Connection can be kept alive indefinitely
Connection [id: 0][route: {}->http://localhost:6590] can be kept alive indefinitely
Connection released: [id: 0][route: {}->http://localhost:6590][total kept alive: 1; route allocated: 1 of 2000; total allocated: 1 of 2000]
CookieSpec selected: default
Auth cache not set in the context
Connection request: [route: {}->http://localhost:6590][total kept alive: 1; route allocated: 1 of 2000; total allocated: 1 of 2000]
Connection leased: [id: 0][route: {}->http://localhost:6590][total kept alive: 0; route allocated: 1 of 2000; total allocated: 1 of 2000]
Stale connection check
http-outgoing-0 << "[read] I/O error: Read timed out"
http-outgoing-0: set socket timeout to 10800000
Executing request POST /session/a552f46dfe4207e558eea7fed9a208fe/element/5baa40ce-53c6-4fad-b5c5-e172e400c1e3/click HTTP/1.1
Target auth state: UNCHALLENGED
Proxy auth state: UNCHALLENGED
http-outgoing-0 >> POST /session/a552f46dfe4207e558eea7fed9a208fe/element/5baa40ce-53c6-4fad-b5c5-e172e400c1e3/click HTTP/1.1
http-outgoing-0 >> Content-Type: application/json; charset=utf-8
http-outgoing-0 >> Content-Length: 45
http-outgoing-0 >> Host: localhost:6590
http-outgoing-0 >> Connection: Keep-Alive
http-outgoing-0 >> User-Agent: Apache-HttpClient/4.5.3 (Java/1.8.0_221)
http-outgoing-0 >> Accept-Encoding: gzip,deflate
http-outgoing-0 >> "POST /session/a552f46dfe4207e558eea7fed9a208fe/element/5baa40ce-53c6-4fad-b5c5-e172e400c1e3/click HTTP/1.1[\r][\n]"
http-outgoing-0 >> "Content-Type: application/json; charset=utf-8[\r][\n]"
http-outgoing-0 >> "Content-Length: 45[\r][\n]"
http-outgoing-0 >> "Host: localhost:6590[\r][\n]"
http-outgoing-0 >> "Connection: Keep-Alive[\r][\n]"
http-outgoing-0 >> "User-Agent: Apache-HttpClient/4.5.3 (Java/1.8.0_221)[\r][\n]"
http-outgoing-0 >> "Accept-Encoding: gzip,deflate[\r][\n]"
http-outgoing-0 >> "[\r][\n]"
http-outgoing-0 >> "{"id":"5baa40ce-53c6-4fad-b5c5-e172e400c1e3"}"
http-outgoing-0 << "HTTP/1.1 200 OK[\r][\n]"
http-outgoing-0 << "Content-Length:14[\r][\n]"
http-outgoing-0 << "Content-Type:application/json; charset=utf-8[\r][\n]"
http-outgoing-0 << "cache-control:no-cache[\r][\n]"
http-outgoing-0 << "[\r][\n]"
http-outgoing-0 << "{"value":null}"
http-outgoing-0 << HTTP/1.1 200 OK
http-outgoing-0 << Content-Length:14
http-outgoing-0 << Content-Type:application/json; charset=utf-8
http-outgoing-0 << cache-control:no-cache
Connection can be kept alive indefinitely
Connection [id: 0][route: {}->http://localhost:6590] can be kept alive indefinitely
Connection released: [id: 0][route: {}->http://localhost:6590][total kept alive: 1; route allocated: 1 of 2000; total allocated: 1 of 2000]
CookieSpec selected: default
Auth cache not set in the context
Connection request: [route: {}->http://localhost:6590][total kept alive: 1; route allocated: 1 of 2000; total allocated: 1 of 2000]
Connection leased: [id: 0][route: {}->http://localhost:6590][total kept alive: 0; route allocated: 1 of 2000; total allocated: 1 of 2000]
Stale connection check
http-outgoing-0 << "[read] I/O error: Read timed out"
http-outgoing-0: set socket timeout to 10800000
Executing request GET /session/a552f46dfe4207e558eea7fed9a208fe/title HTTP/1.1
Target auth state: UNCHALLENGED
Proxy auth state: UNCHALLENGED
http-outgoing-0 >> GET /session/a552f46dfe4207e558eea7fed9a208fe/title HTTP/1.1
http-outgoing-0 >> Cache-Control: no-cache
http-outgoing-0 >> Host: localhost:6590
http-outgoing-0 >> Connection: Keep-Alive
http-outgoing-0 >> User-Agent: Apache-HttpClient/4.5.3 (Java/1.8.0_221)
http-outgoing-0 >> Accept-Encoding: gzip,deflate
http-outgoing-0 >> "GET /session/a552f46dfe4207e558eea7fed9a208fe/title HTTP/1.1[\r][\n]"
http-outgoing-0 >> "Cache-Control: no-cache[\r][\n]"
http-outgoing-0 >> "Host: localhost:6590[\r][\n]"
http-outgoing-0 >> "Connection: Keep-Alive[\r][\n]"
http-outgoing-0 >> "User-Agent: Apache-HttpClient/4.5.3 (Java/1.8.0_221)[\r][\n]"
http-outgoing-0 >> "Accept-Encoding: gzip,deflate[\r][\n]"
http-outgoing-0 >> "[\r][\n]"
http-outgoing-0 << "HTTP/1.1 200 OK[\r][\n]"
http-outgoing-0 << "Content-Length:33[\r][\n]"
http-outgoing-0 << "Content-Type:application/json; charset=utf-8[\r][\n]"
http-outgoing-0 << "cache-control:no-cache[\r][\n]"
http-outgoing-0 << "[\r][\n]"
http-outgoing-0 << "{"value":"My account - My Store"}"
http-outgoing-0 << HTTP/1.1 200 OK
http-outgoing-0 << Content-Length:33
http-outgoing-0 << Content-Type:application/json; charset=utf-8
http-outgoing-0 << cache-control:no-cache
Connection can be kept alive indefinitely
Connection [id: 0][route: {}->http://localhost:6590] can be kept alive indefinitely
Connection released: [id: 0][route: {}->http://localhost:6590][total kept alive: 1; route allocated: 1 of 2000; total allocated: 1 of 2000]
CookieSpec selected: default
Auth cache not set in the context
Connection request: [route: {}->http://localhost:6590][total kept alive: 1; route allocated: 1 of 2000; total allocated: 1 of 2000]
Connection leased: [id: 0][route: {}->http://localhost:6590][total kept alive: 0; route allocated: 1 of 2000; total allocated: 1 of 2000]
Stale connection check
http-outgoing-0 << "[read] I/O error: Read timed out"
http-outgoing-0: set socket timeout to 10800000
Executing request DELETE /session/a552f46dfe4207e558eea7fed9a208fe HTTP/1.1
Target auth state: UNCHALLENGED
Proxy auth state: UNCHALLENGED
http-outgoing-0 >> DELETE /session/a552f46dfe4207e558eea7fed9a208fe HTTP/1.1
http-outgoing-0 >> Host: localhost:6590
http-outgoing-0 >> Connection: Keep-Alive
http-outgoing-0 >> User-Agent: Apache-HttpClient/4.5.3 (Java/1.8.0_221)
http-outgoing-0 >> Accept-Encoding: gzip,deflate
http-outgoing-0 >> "DELETE /session/a552f46dfe4207e558eea7fed9a208fe HTTP/1.1[\r][\n]"
http-outgoing-0 >> "Host: localhost:6590[\r][\n]"
http-outgoing-0 >> "Connection: Keep-Alive[\r][\n]"
http-outgoing-0 >> "User-Agent: Apache-HttpClient/4.5.3 (Java/1.8.0_221)[\r][\n]"
http-outgoing-0 >> "Accept-Encoding: gzip,deflate[\r][\n]"
http-outgoing-0 >> "[\r][\n]"
http-outgoing-0 << "HTTP/1.1 200 OK[\r][\n]"
http-outgoing-0 << "Content-Length:14[\r][\n]"
http-outgoing-0 << "Content-Type:application/json; charset=utf-8[\r][\n]"
http-outgoing-0 << "cache-control:no-cache[\r][\n]"
http-outgoing-0 << "[\r][\n]"
http-outgoing-0 << "{"value":null}"
http-outgoing-0 << HTTP/1.1 200 OK
http-outgoing-0 << Content-Length:14
http-outgoing-0 << Content-Type:application/json; charset=utf-8
http-outgoing-0 << cache-control:no-cache
Connection can be kept alive indefinitely
Connection [id: 0][route: {}->http://localhost:6590] can be kept alive indefinitely
Connection released: [id: 0][route: {}->http://localhost:6590][total kept alive: 1; route allocated: 1 of 2000; total allocated: 1 of 2000]
Closing connections idle longer than 0 SECONDS
http-outgoing-0: Close connection
CookieSpec selected: default
Auth cache not set in the context
Connection request: [route: {}->http://localhost:31529][total kept alive: 0; route allocated: 0 of 2000; total allocated: 0 of 2000]
Connection leased: [id: 1][route: {}->http://localhost:31529][total kept alive: 0; route allocated: 1 of 2000; total allocated: 1 of 2000]
Opening connection {}->http://localhost:31529
Connecting to localhost/127.0.0.1:31529
Connection established 127.0.0.1:50023<->127.0.0.1:31529
http-outgoing-1: set socket timeout to 10800000
Executing request POST /session HTTP/1.1
Target auth state: UNCHALLENGED
Proxy auth state: UNCHALLENGED
http-outgoing-1 >> POST /session HTTP/1.1
http-outgoing-1 >> Content-Type: application/json; charset=utf-8
http-outgoing-1 >> Content-Length: 560
http-outgoing-1 >> Host: localhost:31529
http-outgoing-1 >> Connection: Keep-Alive
http-outgoing-1 >> User-Agent: Apache-HttpClient/4.5.3 (Java/1.8.0_221)
http-outgoing-1 >> Accept-Encoding: gzip,deflate
http-outgoing-1 >> "POST /session HTTP/1.1[\r][\n]"
http-outgoing-1 >> "Content-Type: application/json; charset=utf-8[\r][\n]"
http-outgoing-1 >> "Content-Length: 560[\r][\n]"
http-outgoing-1 >> "Host: localhost:31529[\r][\n]"
http-outgoing-1 >> "Connection: Keep-Alive[\r][\n]"
http-outgoing-1 >> "User-Agent: Apache-HttpClient/4.5.3 (Java/1.8.0_221)[\r][\n]"
http-outgoing-1 >> "Accept-Encoding: gzip,deflate[\r][\n]"
http-outgoing-1 >> "[\r][\n]"
http-outgoing-1 >> "{[\n]"
http-outgoing-1 >> "  "desiredCapabilities": {[\n]"
http-outgoing-1 >> "    "browserName": "chrome",[\n]"
http-outgoing-1 >> "    "goog:chromeOptions": {[\n]"
http-outgoing-1 >> "      "args": [],[\n]"
http-outgoing-1 >> "      "extensions": [][\n]"
http-outgoing-1 >> "    }[\n]"
http-outgoing-1 >> "  },[\n]"
http-outgoing-1 >> "  "requiredCapabilities": {},[\n]"
http-outgoing-1 >> "  "capabilities": {[\n]"
http-outgoing-1 >> "    "desiredCapabilities": {[\n]"
http-outgoing-1 >> "      "browserName": "chrome",[\n]"
http-outgoing-1 >> "      "goog:chromeOptions": {[\n]"
http-outgoing-1 >> "        "args": [],[\n]"
http-outgoing-1 >> "        "extensions": [][\n]"
http-outgoing-1 >> "      }[\n]"
http-outgoing-1 >> "    },[\n]"
http-outgoing-1 >> "    "requiredCapabilities": {},[\n]"
http-outgoing-1 >> "    "alwaysMatch": {[\n]"
http-outgoing-1 >> "      "goog:chromeOptions": {[\n]"
http-outgoing-1 >> "        "args": [],[\n]"
http-outgoing-1 >> "        "extensions": [][\n]"
http-outgoing-1 >> "      }[\n]"
http-outgoing-1 >> "    },[\n]"
http-outgoing-1 >> "    "firstMatch": [[\n]"
http-outgoing-1 >> "      {[\n]"
http-outgoing-1 >> "        "browserName": "chrome"[\n]"
http-outgoing-1 >> "      }[\n]"
http-outgoing-1 >> "    ][\n]"
http-outgoing-1 >> "  }[\n]"
http-outgoing-1 >> "}"
http-outgoing-1 << "HTTP/1.1 200 OK[\r][\n]"
http-outgoing-1 << "Content-Length:683[\r][\n]"
http-outgoing-1 << "Content-Type:application/json; charset=utf-8[\r][\n]"
http-outgoing-1 << "cache-control:no-cache[\r][\n]"
http-outgoing-1 << "[\r][\n]"
http-outgoing-1 << "{"value":{"capabilities":{"acceptInsecureCerts":false,"browserName":"chrome","browserVersion":"80.0.3987.149","chrome":{"chromedriverVersion":"80.0.3987.106 (f68069574609230cf9b635cd784cfb1bf81bb53a-refs/branch-heads/3987@{#882})","userDataDir":"C:\\Users\\MONIKA~1\\AppData\\Local\\Temp\\scoped_dir10912_598590178"},"goog:chromeOptions":{"debuggerAddress":"localhost:50024"},"networkConnectionEnabled":false,"pageLoadStrategy":"normal","platformName":"windows","proxy":{},"setWindowRect":true,"strictFileInteractability":false,"timeouts":{"implicit":0,"pageLoad":300000,"script":30000},"unhandledPromptBehavior":"dismiss and notify"},"sessionId":"b9daf1116a44556b8c18347a9e267ac6"}}"
http-outgoing-1 << HTTP/1.1 200 OK
http-outgoing-1 << Content-Length:683
http-outgoing-1 << Content-Type:application/json; charset=utf-8
http-outgoing-1 << cache-control:no-cache
Connection can be kept alive indefinitely
Connection [id: 1][route: {}->http://localhost:31529] can be kept alive indefinitely
Connection released: [id: 1][route: {}->http://localhost:31529][total kept alive: 1; route allocated: 1 of 2000; total allocated: 1 of 2000]
******************************Starting Chrome*********************************
CookieSpec selected: default
Auth cache not set in the context
Connection request: [route: {}->http://localhost:31529][total kept alive: 1; route allocated: 1 of 2000; total allocated: 1 of 2000]
Connection leased: [id: 1][route: {}->http://localhost:31529][total kept alive: 0; route allocated: 1 of 2000; total allocated: 1 of 2000]
Stale connection check
http-outgoing-1 << "[read] I/O error: Read timed out"
http-outgoing-1: set socket timeout to 10800000
Executing request POST /session/b9daf1116a44556b8c18347a9e267ac6/url HTTP/1.1
Target auth state: UNCHALLENGED
Proxy auth state: UNCHALLENGED
http-outgoing-1 >> POST /session/b9daf1116a44556b8c18347a9e267ac6/url HTTP/1.1
http-outgoing-1 >> Content-Type: application/json; charset=utf-8
http-outgoing-1 >> Content-Length: 91
http-outgoing-1 >> Host: localhost:31529
http-outgoing-1 >> Connection: Keep-Alive
http-outgoing-1 >> User-Agent: Apache-HttpClient/4.5.3 (Java/1.8.0_221)
http-outgoing-1 >> Accept-Encoding: gzip,deflate
http-outgoing-1 >> "POST /session/b9daf1116a44556b8c18347a9e267ac6/url HTTP/1.1[\r][\n]"
http-outgoing-1 >> "Content-Type: application/json; charset=utf-8[\r][\n]"
http-outgoing-1 >> "Content-Length: 91[\r][\n]"
http-outgoing-1 >> "Host: localhost:31529[\r][\n]"
http-outgoing-1 >> "Connection: Keep-Alive[\r][\n]"
http-outgoing-1 >> "User-Agent: Apache-HttpClient/4.5.3 (Java/1.8.0_221)[\r][\n]"
http-outgoing-1 >> "Accept-Encoding: gzip,deflate[\r][\n]"
http-outgoing-1 >> "[\r][\n]"
http-outgoing-1 >> "{"url":"http://automationpractice.com/index.php?controller=authentication&back=my-account"}"
http-outgoing-1 << "HTTP/1.1 200 OK[\r][\n]"
http-outgoing-1 << "Content-Length:14[\r][\n]"
http-outgoing-1 << "Content-Type:application/json; charset=utf-8[\r][\n]"
http-outgoing-1 << "cache-control:no-cache[\r][\n]"
http-outgoing-1 << "[\r][\n]"
http-outgoing-1 << "{"value":null}"
http-outgoing-1 << HTTP/1.1 200 OK
http-outgoing-1 << Content-Length:14
http-outgoing-1 << Content-Type:application/json; charset=utf-8
http-outgoing-1 << cache-control:no-cache
Connection can be kept alive indefinitely
Connection [id: 1][route: {}->http://localhost:31529] can be kept alive indefinitely
Connection released: [id: 1][route: {}->http://localhost:31529][total kept alive: 1; route allocated: 1 of 2000; total allocated: 1 of 2000]
CookieSpec selected: default
Auth cache not set in the context
Connection request: [route: {}->http://localhost:31529][total kept alive: 1; route allocated: 1 of 2000; total allocated: 1 of 2000]
Connection leased: [id: 1][route: {}->http://localhost:31529][total kept alive: 0; route allocated: 1 of 2000; total allocated: 1 of 2000]
Stale connection check
http-outgoing-1 << "[read] I/O error: Read timed out"
http-outgoing-1: set socket timeout to 10800000
Executing request POST /session/b9daf1116a44556b8c18347a9e267ac6/element HTTP/1.1
Target auth state: UNCHALLENGED
Proxy auth state: UNCHALLENGED
http-outgoing-1 >> POST /session/b9daf1116a44556b8c18347a9e267ac6/element HTTP/1.1
http-outgoing-1 >> Content-Type: application/json; charset=utf-8
http-outgoing-1 >> Content-Length: 50
http-outgoing-1 >> Host: localhost:31529
http-outgoing-1 >> Connection: Keep-Alive
http-outgoing-1 >> User-Agent: Apache-HttpClient/4.5.3 (Java/1.8.0_221)
http-outgoing-1 >> Accept-Encoding: gzip,deflate
http-outgoing-1 >> "POST /session/b9daf1116a44556b8c18347a9e267ac6/element HTTP/1.1[\r][\n]"
http-outgoing-1 >> "Content-Type: application/json; charset=utf-8[\r][\n]"
http-outgoing-1 >> "Content-Length: 50[\r][\n]"
http-outgoing-1 >> "Host: localhost:31529[\r][\n]"
http-outgoing-1 >> "Connection: Keep-Alive[\r][\n]"
http-outgoing-1 >> "User-Agent: Apache-HttpClient/4.5.3 (Java/1.8.0_221)[\r][\n]"
http-outgoing-1 >> "Accept-Encoding: gzip,deflate[\r][\n]"
http-outgoing-1 >> "[\r][\n]"
http-outgoing-1 >> "{"value":"//input[@id=\"email\"]","using":"xpath"}"
http-outgoing-1 << "HTTP/1.1 200 OK[\r][\n]"
http-outgoing-1 << "Content-Length:88[\r][\n]"
http-outgoing-1 << "Content-Type:application/json; charset=utf-8[\r][\n]"
http-outgoing-1 << "cache-control:no-cache[\r][\n]"
http-outgoing-1 << "[\r][\n]"
http-outgoing-1 << "{"value":{"element-6066-11e4-a52e-4f735466cecf":"d5001c1a-99d7-4cda-918c-edf78f60aa41"}}"
http-outgoing-1 << HTTP/1.1 200 OK
http-outgoing-1 << Content-Length:88
http-outgoing-1 << Content-Type:application/json; charset=utf-8
http-outgoing-1 << cache-control:no-cache
Connection can be kept alive indefinitely
Connection [id: 1][route: {}->http://localhost:31529] can be kept alive indefinitely
Connection released: [id: 1][route: {}->http://localhost:31529][total kept alive: 1; route allocated: 1 of 2000; total allocated: 1 of 2000]
CookieSpec selected: default
Auth cache not set in the context
Connection request: [route: {}->http://localhost:31529][total kept alive: 1; route allocated: 1 of 2000; total allocated: 1 of 2000]
Connection leased: [id: 1][route: {}->http://localhost:31529][total kept alive: 0; route allocated: 1 of 2000; total allocated: 1 of 2000]
Stale connection check
http-outgoing-1 << "[read] I/O error: Read timed out"
http-outgoing-1: set socket timeout to 10800000
Executing request POST /session/b9daf1116a44556b8c18347a9e267ac6/element/d5001c1a-99d7-4cda-918c-edf78f60aa41/value HTTP/1.1
Target auth state: UNCHALLENGED
Proxy auth state: UNCHALLENGED
http-outgoing-1 >> POST /session/b9daf1116a44556b8c18347a9e267ac6/element/d5001c1a-99d7-4cda-918c-edf78f60aa41/value HTTP/1.1
http-outgoing-1 >> Content-Type: application/json; charset=utf-8
http-outgoing-1 >> Content-Length: 200
http-outgoing-1 >> Host: localhost:31529
http-outgoing-1 >> Connection: Keep-Alive
http-outgoing-1 >> User-Agent: Apache-HttpClient/4.5.3 (Java/1.8.0_221)
http-outgoing-1 >> Accept-Encoding: gzip,deflate
http-outgoing-1 >> "POST /session/b9daf1116a44556b8c18347a9e267ac6/element/d5001c1a-99d7-4cda-918c-edf78f60aa41/value HTTP/1.1[\r][\n]"
http-outgoing-1 >> "Content-Type: application/json; charset=utf-8[\r][\n]"
http-outgoing-1 >> "Content-Length: 200[\r][\n]"
http-outgoing-1 >> "Host: localhost:31529[\r][\n]"
http-outgoing-1 >> "Connection: Keep-Alive[\r][\n]"
http-outgoing-1 >> "User-Agent: Apache-HttpClient/4.5.3 (Java/1.8.0_221)[\r][\n]"
http-outgoing-1 >> "Accept-Encoding: gzip,deflate[\r][\n]"
http-outgoing-1 >> "[\r][\n]"
http-outgoing-1 >> "{"id":"d5001c1a-99d7-4cda-918c-edf78f60aa41","text":"chaudhari.moni789@gmail.com","value":["c","h","a","u","d","h","a","r","i",".","m","o","n","i","7","8","9","@","g","m","a","i","l",".","c","o","m"]}"
http-outgoing-1 << "HTTP/1.1 200 OK[\r][\n]"
http-outgoing-1 << "Content-Length:14[\r][\n]"
http-outgoing-1 << "Content-Type:application/json; charset=utf-8[\r][\n]"
http-outgoing-1 << "cache-control:no-cache[\r][\n]"
http-outgoing-1 << "[\r][\n]"
http-outgoing-1 << "{"value":null}"
http-outgoing-1 << HTTP/1.1 200 OK
http-outgoing-1 << Content-Length:14
http-outgoing-1 << Content-Type:application/json; charset=utf-8
http-outgoing-1 << cache-control:no-cache
Connection can be kept alive indefinitely
Connection [id: 1][route: {}->http://localhost:31529] can be kept alive indefinitely
Connection released: [id: 1][route: {}->http://localhost:31529][total kept alive: 1; route allocated: 1 of 2000; total allocated: 1 of 2000]
CookieSpec selected: default
Auth cache not set in the context
Connection request: [route: {}->http://localhost:31529][total kept alive: 1; route allocated: 1 of 2000; total allocated: 1 of 2000]
Connection leased: [id: 1][route: {}->http://localhost:31529][total kept alive: 0; route allocated: 1 of 2000; total allocated: 1 of 2000]
Stale connection check
http-outgoing-1 << "[read] I/O error: Read timed out"
http-outgoing-1: set socket timeout to 10800000
Executing request POST /session/b9daf1116a44556b8c18347a9e267ac6/element HTTP/1.1
Target auth state: UNCHALLENGED
Proxy auth state: UNCHALLENGED
http-outgoing-1 >> POST /session/b9daf1116a44556b8c18347a9e267ac6/element HTTP/1.1
http-outgoing-1 >> Content-Type: application/json; charset=utf-8
http-outgoing-1 >> Content-Length: 53
http-outgoing-1 >> Host: localhost:31529
http-outgoing-1 >> Connection: Keep-Alive
http-outgoing-1 >> User-Agent: Apache-HttpClient/4.5.3 (Java/1.8.0_221)
http-outgoing-1 >> Accept-Encoding: gzip,deflate
http-outgoing-1 >> "POST /session/b9daf1116a44556b8c18347a9e267ac6/element HTTP/1.1[\r][\n]"
http-outgoing-1 >> "Content-Type: application/json; charset=utf-8[\r][\n]"
http-outgoing-1 >> "Content-Length: 53[\r][\n]"
http-outgoing-1 >> "Host: localhost:31529[\r][\n]"
http-outgoing-1 >> "Connection: Keep-Alive[\r][\n]"
http-outgoing-1 >> "User-Agent: Apache-HttpClient/4.5.3 (Java/1.8.0_221)[\r][\n]"
http-outgoing-1 >> "Accept-Encoding: gzip,deflate[\r][\n]"
http-outgoing-1 >> "[\r][\n]"
http-outgoing-1 >> "{"value":"//input[@name=\"passwd\"]","using":"xpath"}"
http-outgoing-1 << "HTTP/1.1 200 OK[\r][\n]"
http-outgoing-1 << "Content-Length:88[\r][\n]"
http-outgoing-1 << "Content-Type:application/json; charset=utf-8[\r][\n]"
http-outgoing-1 << "cache-control:no-cache[\r][\n]"
http-outgoing-1 << "[\r][\n]"
http-outgoing-1 << "{"value":{"element-6066-11e4-a52e-4f735466cecf":"3c07079e-4c18-455b-82d0-c54efe18ea0c"}}"
http-outgoing-1 << HTTP/1.1 200 OK
http-outgoing-1 << Content-Length:88
http-outgoing-1 << Content-Type:application/json; charset=utf-8
http-outgoing-1 << cache-control:no-cache
Connection can be kept alive indefinitely
Connection [id: 1][route: {}->http://localhost:31529] can be kept alive indefinitely
Connection released: [id: 1][route: {}->http://localhost:31529][total kept alive: 1; route allocated: 1 of 2000; total allocated: 1 of 2000]
CookieSpec selected: default
Auth cache not set in the context
Connection request: [route: {}->http://localhost:31529][total kept alive: 1; route allocated: 1 of 2000; total allocated: 1 of 2000]
Connection leased: [id: 1][route: {}->http://localhost:31529][total kept alive: 0; route allocated: 1 of 2000; total allocated: 1 of 2000]
Stale connection check
http-outgoing-1 << "[read] I/O error: Read timed out"
http-outgoing-1: set socket timeout to 10800000
Executing request POST /session/b9daf1116a44556b8c18347a9e267ac6/element/3c07079e-4c18-455b-82d0-c54efe18ea0c/value HTTP/1.1
Target auth state: UNCHALLENGED
Proxy auth state: UNCHALLENGED
http-outgoing-1 >> POST /session/b9daf1116a44556b8c18347a9e267ac6/element/3c07079e-4c18-455b-82d0-c54efe18ea0c/value HTTP/1.1
http-outgoing-1 >> Content-Type: application/json; charset=utf-8
http-outgoing-1 >> Content-Length: 115
http-outgoing-1 >> Host: localhost:31529
http-outgoing-1 >> Connection: Keep-Alive
http-outgoing-1 >> User-Agent: Apache-HttpClient/4.5.3 (Java/1.8.0_221)
http-outgoing-1 >> Accept-Encoding: gzip,deflate
http-outgoing-1 >> "POST /session/b9daf1116a44556b8c18347a9e267ac6/element/3c07079e-4c18-455b-82d0-c54efe18ea0c/value HTTP/1.1[\r][\n]"
http-outgoing-1 >> "Content-Type: application/json; charset=utf-8[\r][\n]"
http-outgoing-1 >> "Content-Length: 115[\r][\n]"
http-outgoing-1 >> "Host: localhost:31529[\r][\n]"
http-outgoing-1 >> "Connection: Keep-Alive[\r][\n]"
http-outgoing-1 >> "User-Agent: Apache-HttpClient/4.5.3 (Java/1.8.0_221)[\r][\n]"
http-outgoing-1 >> "Accept-Encoding: gzip,deflate[\r][\n]"
http-outgoing-1 >> "[\r][\n]"
http-outgoing-1 >> "{"id":"3c07079e-4c18-455b-82d0-c54efe18ea0c","text":"Monika@123","value":["M","o","n","i","k","a","@","1","2","3"]}"
http-outgoing-1 << "HTTP/1.1 200 OK[\r][\n]"
http-outgoing-1 << "Content-Length:14[\r][\n]"
http-outgoing-1 << "Content-Type:application/json; charset=utf-8[\r][\n]"
http-outgoing-1 << "cache-control:no-cache[\r][\n]"
http-outgoing-1 << "[\r][\n]"
http-outgoing-1 << "{"value":null}"
http-outgoing-1 << HTTP/1.1 200 OK
http-outgoing-1 << Content-Length:14
http-outgoing-1 << Content-Type:application/json; charset=utf-8
http-outgoing-1 << cache-control:no-cache
Connection can be kept alive indefinitely
Connection [id: 1][route: {}->http://localhost:31529] can be kept alive indefinitely
Connection released: [id: 1][route: {}->http://localhost:31529][total kept alive: 1; route allocated: 1 of 2000; total allocated: 1 of 2000]
CookieSpec selected: default
Auth cache not set in the context
Connection request: [route: {}->http://localhost:31529][total kept alive: 1; route allocated: 1 of 2000; total allocated: 1 of 2000]
Connection leased: [id: 1][route: {}->http://localhost:31529][total kept alive: 0; route allocated: 1 of 2000; total allocated: 1 of 2000]
Stale connection check
http-outgoing-1 << "[read] I/O error: Read timed out"
http-outgoing-1: set socket timeout to 10800000
Executing request POST /session/b9daf1116a44556b8c18347a9e267ac6/element HTTP/1.1
Target auth state: UNCHALLENGED
Proxy auth state: UNCHALLENGED
http-outgoing-1 >> POST /session/b9daf1116a44556b8c18347a9e267ac6/element HTTP/1.1
http-outgoing-1 >> Content-Type: application/json; charset=utf-8
http-outgoing-1 >> Content-Length: 57
http-outgoing-1 >> Host: localhost:31529
http-outgoing-1 >> Connection: Keep-Alive
http-outgoing-1 >> User-Agent: Apache-HttpClient/4.5.3 (Java/1.8.0_221)
http-outgoing-1 >> Accept-Encoding: gzip,deflate
http-outgoing-1 >> "POST /session/b9daf1116a44556b8c18347a9e267ac6/element HTTP/1.1[\r][\n]"
http-outgoing-1 >> "Content-Type: application/json; charset=utf-8[\r][\n]"
http-outgoing-1 >> "Content-Length: 57[\r][\n]"
http-outgoing-1 >> "Host: localhost:31529[\r][\n]"
http-outgoing-1 >> "Connection: Keep-Alive[\r][\n]"
http-outgoing-1 >> "User-Agent: Apache-HttpClient/4.5.3 (Java/1.8.0_221)[\r][\n]"
http-outgoing-1 >> "Accept-Encoding: gzip,deflate[\r][\n]"
http-outgoing-1 >> "[\r][\n]"
http-outgoing-1 >> "{"value":"//button[@id=\"SubmitLogin\"]","using":"xpath"}"
http-outgoing-1 << "HTTP/1.1 200 OK[\r][\n]"
http-outgoing-1 << "Content-Length:88[\r][\n]"
http-outgoing-1 << "Content-Type:application/json; charset=utf-8[\r][\n]"
http-outgoing-1 << "cache-control:no-cache[\r][\n]"
http-outgoing-1 << "[\r][\n]"
http-outgoing-1 << "{"value":{"element-6066-11e4-a52e-4f735466cecf":"7eb7dac4-fb23-418e-86e5-0917f15d7c99"}}"
http-outgoing-1 << HTTP/1.1 200 OK
http-outgoing-1 << Content-Length:88
http-outgoing-1 << Content-Type:application/json; charset=utf-8
http-outgoing-1 << cache-control:no-cache
Connection can be kept alive indefinitely
Connection [id: 1][route: {}->http://localhost:31529] can be kept alive indefinitely
Connection released: [id: 1][route: {}->http://localhost:31529][total kept alive: 1; route allocated: 1 of 2000; total allocated: 1 of 2000]
CookieSpec selected: default
Auth cache not set in the context
Connection request: [route: {}->http://localhost:31529][total kept alive: 1; route allocated: 1 of 2000; total allocated: 1 of 2000]
Connection leased: [id: 1][route: {}->http://localhost:31529][total kept alive: 0; route allocated: 1 of 2000; total allocated: 1 of 2000]
Stale connection check
http-outgoing-1 << "[read] I/O error: Read timed out"
http-outgoing-1: set socket timeout to 10800000
Executing request POST /session/b9daf1116a44556b8c18347a9e267ac6/element/7eb7dac4-fb23-418e-86e5-0917f15d7c99/click HTTP/1.1
Target auth state: UNCHALLENGED
Proxy auth state: UNCHALLENGED
http-outgoing-1 >> POST /session/b9daf1116a44556b8c18347a9e267ac6/element/7eb7dac4-fb23-418e-86e5-0917f15d7c99/click HTTP/1.1
http-outgoing-1 >> Content-Type: application/json; charset=utf-8
http-outgoing-1 >> Content-Length: 45
http-outgoing-1 >> Host: localhost:31529
http-outgoing-1 >> Connection: Keep-Alive
http-outgoing-1 >> User-Agent: Apache-HttpClient/4.5.3 (Java/1.8.0_221)
http-outgoing-1 >> Accept-Encoding: gzip,deflate
http-outgoing-1 >> "POST /session/b9daf1116a44556b8c18347a9e267ac6/element/7eb7dac4-fb23-418e-86e5-0917f15d7c99/click HTTP/1.1[\r][\n]"
http-outgoing-1 >> "Content-Type: application/json; charset=utf-8[\r][\n]"
http-outgoing-1 >> "Content-Length: 45[\r][\n]"
http-outgoing-1 >> "Host: localhost:31529[\r][\n]"
http-outgoing-1 >> "Connection: Keep-Alive[\r][\n]"
http-outgoing-1 >> "User-Agent: Apache-HttpClient/4.5.3 (Java/1.8.0_221)[\r][\n]"
http-outgoing-1 >> "Accept-Encoding: gzip,deflate[\r][\n]"
http-outgoing-1 >> "[\r][\n]"
http-outgoing-1 >> "{"id":"7eb7dac4-fb23-418e-86e5-0917f15d7c99"}"
http-outgoing-1 << "HTTP/1.1 200 OK[\r][\n]"
http-outgoing-1 << "Content-Length:14[\r][\n]"
http-outgoing-1 << "Content-Type:application/json; charset=utf-8[\r][\n]"
http-outgoing-1 << "cache-control:no-cache[\r][\n]"
http-outgoing-1 << "[\r][\n]"
http-outgoing-1 << "{"value":null}"
http-outgoing-1 << HTTP/1.1 200 OK
http-outgoing-1 << Content-Length:14
http-outgoing-1 << Content-Type:application/json; charset=utf-8
http-outgoing-1 << cache-control:no-cache
Connection can be kept alive indefinitely
Connection [id: 1][route: {}->http://localhost:31529] can be kept alive indefinitely
Connection released: [id: 1][route: {}->http://localhost:31529][total kept alive: 1; route allocated: 1 of 2000; total allocated: 1 of 2000]
CookieSpec selected: default
Auth cache not set in the context
Connection request: [route: {}->http://localhost:31529][total kept alive: 1; route allocated: 1 of 2000; total allocated: 1 of 2000]
Connection leased: [id: 1][route: {}->http://localhost:31529][total kept alive: 0; route allocated: 1 of 2000; total allocated: 1 of 2000]
Stale connection check
http-outgoing-1 << "[read] I/O error: Read timed out"
http-outgoing-1: set socket timeout to 10800000
Executing request POST /session/b9daf1116a44556b8c18347a9e267ac6/element HTTP/1.1
Target auth state: UNCHALLENGED
Proxy auth state: UNCHALLENGED
http-outgoing-1 >> POST /session/b9daf1116a44556b8c18347a9e267ac6/element HTTP/1.1
http-outgoing-1 >> Content-Type: application/json; charset=utf-8
http-outgoing-1 >> Content-Length: 49
http-outgoing-1 >> Host: localhost:31529
http-outgoing-1 >> Connection: Keep-Alive
http-outgoing-1 >> User-Agent: Apache-HttpClient/4.5.3 (Java/1.8.0_221)
http-outgoing-1 >> Accept-Encoding: gzip,deflate
http-outgoing-1 >> "POST /session/b9daf1116a44556b8c18347a9e267ac6/element HTTP/1.1[\r][\n]"
http-outgoing-1 >> "Content-Type: application/json; charset=utf-8[\r][\n]"
http-outgoing-1 >> "Content-Length: 49[\r][\n]"
http-outgoing-1 >> "Host: localhost:31529[\r][\n]"
http-outgoing-1 >> "Connection: Keep-Alive[\r][\n]"
http-outgoing-1 >> "User-Agent: Apache-HttpClient/4.5.3 (Java/1.8.0_221)[\r][\n]"
http-outgoing-1 >> "Accept-Encoding: gzip,deflate[\r][\n]"
http-outgoing-1 >> "[\r][\n]"
http-outgoing-1 >> "{"value":"//a[@title=\"Women\"]","using":"xpath"}"
http-outgoing-1 << "HTTP/1.1 200 OK[\r][\n]"
http-outgoing-1 << "Content-Length:88[\r][\n]"
http-outgoing-1 << "Content-Type:application/json; charset=utf-8[\r][\n]"
http-outgoing-1 << "cache-control:no-cache[\r][\n]"
http-outgoing-1 << "[\r][\n]"
http-outgoing-1 << "{"value":{"element-6066-11e4-a52e-4f735466cecf":"7ef72164-de81-4ab5-a5ba-ce1063519365"}}"
http-outgoing-1 << HTTP/1.1 200 OK
http-outgoing-1 << Content-Length:88
http-outgoing-1 << Content-Type:application/json; charset=utf-8
http-outgoing-1 << cache-control:no-cache
Connection can be kept alive indefinitely
Connection [id: 1][route: {}->http://localhost:31529] can be kept alive indefinitely
Connection released: [id: 1][route: {}->http://localhost:31529][total kept alive: 1; route allocated: 1 of 2000; total allocated: 1 of 2000]
CookieSpec selected: default
Auth cache not set in the context
Connection request: [route: {}->http://localhost:31529][total kept alive: 1; route allocated: 1 of 2000; total allocated: 1 of 2000]
Connection leased: [id: 1][route: {}->http://localhost:31529][total kept alive: 0; route allocated: 1 of 2000; total allocated: 1 of 2000]
Stale connection check
http-outgoing-1 << "[read] I/O error: Read timed out"
http-outgoing-1: set socket timeout to 10800000
Executing request POST /session/b9daf1116a44556b8c18347a9e267ac6/element/7ef72164-de81-4ab5-a5ba-ce1063519365/click HTTP/1.1
Target auth state: UNCHALLENGED
Proxy auth state: UNCHALLENGED
http-outgoing-1 >> POST /session/b9daf1116a44556b8c18347a9e267ac6/element/7ef72164-de81-4ab5-a5ba-ce1063519365/click HTTP/1.1
http-outgoing-1 >> Content-Type: application/json; charset=utf-8
http-outgoing-1 >> Content-Length: 45
http-outgoing-1 >> Host: localhost:31529
http-outgoing-1 >> Connection: Keep-Alive
http-outgoing-1 >> User-Agent: Apache-HttpClient/4.5.3 (Java/1.8.0_221)
http-outgoing-1 >> Accept-Encoding: gzip,deflate
http-outgoing-1 >> "POST /session/b9daf1116a44556b8c18347a9e267ac6/element/7ef72164-de81-4ab5-a5ba-ce1063519365/click HTTP/1.1[\r][\n]"
http-outgoing-1 >> "Content-Type: application/json; charset=utf-8[\r][\n]"
http-outgoing-1 >> "Content-Length: 45[\r][\n]"
http-outgoing-1 >> "Host: localhost:31529[\r][\n]"
http-outgoing-1 >> "Connection: Keep-Alive[\r][\n]"
http-outgoing-1 >> "User-Agent: Apache-HttpClient/4.5.3 (Java/1.8.0_221)[\r][\n]"
http-outgoing-1 >> "Accept-Encoding: gzip,deflate[\r][\n]"
http-outgoing-1 >> "[\r][\n]"
http-outgoing-1 >> "{"id":"7ef72164-de81-4ab5-a5ba-ce1063519365"}"
http-outgoing-1 << "HTTP/1.1 200 OK[\r][\n]"
http-outgoing-1 << "Content-Length:14[\r][\n]"
http-outgoing-1 << "Content-Type:application/json; charset=utf-8[\r][\n]"
http-outgoing-1 << "cache-control:no-cache[\r][\n]"
http-outgoing-1 << "[\r][\n]"
http-outgoing-1 << "{"value":null}"
http-outgoing-1 << HTTP/1.1 200 OK
http-outgoing-1 << Content-Length:14
http-outgoing-1 << Content-Type:application/json; charset=utf-8
http-outgoing-1 << cache-control:no-cache
Connection can be kept alive indefinitely
Connection [id: 1][route: {}->http://localhost:31529] can be kept alive indefinitely
Connection released: [id: 1][route: {}->http://localhost:31529][total kept alive: 1; route allocated: 1 of 2000; total allocated: 1 of 2000]
CookieSpec selected: default
Auth cache not set in the context
Connection request: [route: {}->http://localhost:31529][total kept alive: 1; route allocated: 1 of 2000; total allocated: 1 of 2000]
Connection leased: [id: 1][route: {}->http://localhost:31529][total kept alive: 0; route allocated: 1 of 2000; total allocated: 1 of 2000]
Stale connection check
http-outgoing-1 << "[read] I/O error: Read timed out"
http-outgoing-1: set socket timeout to 10800000
Executing request POST /session/b9daf1116a44556b8c18347a9e267ac6/element HTTP/1.1
Target auth state: UNCHALLENGED
Proxy auth state: UNCHALLENGED
http-outgoing-1 >> POST /session/b9daf1116a44556b8c18347a9e267ac6/element HTTP/1.1
http-outgoing-1 >> Content-Type: application/json; charset=utf-8
http-outgoing-1 >> Content-Length: 63
http-outgoing-1 >> Host: localhost:31529
http-outgoing-1 >> Connection: Keep-Alive
http-outgoing-1 >> User-Agent: Apache-HttpClient/4.5.3 (Java/1.8.0_221)
http-outgoing-1 >> Accept-Encoding: gzip,deflate
http-outgoing-1 >> "POST /session/b9daf1116a44556b8c18347a9e267ac6/element HTTP/1.1[\r][\n]"
http-outgoing-1 >> "Content-Type: application/json; charset=utf-8[\r][\n]"
http-outgoing-1 >> "Content-Length: 63[\r][\n]"
http-outgoing-1 >> "Host: localhost:31529[\r][\n]"
http-outgoing-1 >> "Connection: Keep-Alive[\r][\n]"
http-outgoing-1 >> "User-Agent: Apache-HttpClient/4.5.3 (Java/1.8.0_221)[\r][\n]"
http-outgoing-1 >> "Accept-Encoding: gzip,deflate[\r][\n]"
http-outgoing-1 >> "[\r][\n]"
http-outgoing-1 >> "{"value":"//select[@id=\"selectProductSort\"]","using":"xpath"}"
http-outgoing-1 << "HTTP/1.1 200 OK[\r][\n]"
http-outgoing-1 << "Content-Length:88[\r][\n]"
http-outgoing-1 << "Content-Type:application/json; charset=utf-8[\r][\n]"
http-outgoing-1 << "cache-control:no-cache[\r][\n]"
http-outgoing-1 << "[\r][\n]"
http-outgoing-1 << "{"value":{"element-6066-11e4-a52e-4f735466cecf":"a9329622-4719-46d8-ac15-b3e32d63b9cb"}}"
http-outgoing-1 << HTTP/1.1 200 OK
http-outgoing-1 << Content-Length:88
http-outgoing-1 << Content-Type:application/json; charset=utf-8
http-outgoing-1 << cache-control:no-cache
Connection can be kept alive indefinitely
Connection [id: 1][route: {}->http://localhost:31529] can be kept alive indefinitely
Connection released: [id: 1][route: {}->http://localhost:31529][total kept alive: 1; route allocated: 1 of 2000; total allocated: 1 of 2000]
CookieSpec selected: default
Auth cache not set in the context
Connection request: [route: {}->http://localhost:31529][total kept alive: 1; route allocated: 1 of 2000; total allocated: 1 of 2000]
Connection leased: [id: 1][route: {}->http://localhost:31529][total kept alive: 0; route allocated: 1 of 2000; total allocated: 1 of 2000]
Stale connection check
http-outgoing-1 << "[read] I/O error: Read timed out"
http-outgoing-1: set socket timeout to 10800000
Executing request GET /session/b9daf1116a44556b8c18347a9e267ac6/element/a9329622-4719-46d8-ac15-b3e32d63b9cb/name HTTP/1.1
Target auth state: UNCHALLENGED
Proxy auth state: UNCHALLENGED
http-outgoing-1 >> GET /session/b9daf1116a44556b8c18347a9e267ac6/element/a9329622-4719-46d8-ac15-b3e32d63b9cb/name HTTP/1.1
http-outgoing-1 >> Cache-Control: no-cache
http-outgoing-1 >> Host: localhost:31529
http-outgoing-1 >> Connection: Keep-Alive
http-outgoing-1 >> User-Agent: Apache-HttpClient/4.5.3 (Java/1.8.0_221)
http-outgoing-1 >> Accept-Encoding: gzip,deflate
http-outgoing-1 >> "GET /session/b9daf1116a44556b8c18347a9e267ac6/element/a9329622-4719-46d8-ac15-b3e32d63b9cb/name HTTP/1.1[\r][\n]"
http-outgoing-1 >> "Cache-Control: no-cache[\r][\n]"
http-outgoing-1 >> "Host: localhost:31529[\r][\n]"
http-outgoing-1 >> "Connection: Keep-Alive[\r][\n]"
http-outgoing-1 >> "User-Agent: Apache-HttpClient/4.5.3 (Java/1.8.0_221)[\r][\n]"
http-outgoing-1 >> "Accept-Encoding: gzip,deflate[\r][\n]"
http-outgoing-1 >> "[\r][\n]"
http-outgoing-1 << "HTTP/1.1 200 OK[\r][\n]"
http-outgoing-1 << "Content-Length:18[\r][\n]"
http-outgoing-1 << "Content-Type:application/json; charset=utf-8[\r][\n]"
http-outgoing-1 << "cache-control:no-cache[\r][\n]"
http-outgoing-1 << "[\r][\n]"
http-outgoing-1 << "{"value":"select"}"
http-outgoing-1 << HTTP/1.1 200 OK
http-outgoing-1 << Content-Length:18
http-outgoing-1 << Content-Type:application/json; charset=utf-8
http-outgoing-1 << cache-control:no-cache
Connection can be kept alive indefinitely
Connection [id: 1][route: {}->http://localhost:31529] can be kept alive indefinitely
Connection released: [id: 1][route: {}->http://localhost:31529][total kept alive: 1; route allocated: 1 of 2000; total allocated: 1 of 2000]
CookieSpec selected: default
Auth cache not set in the context
Connection request: [route: {}->http://localhost:31529][total kept alive: 1; route allocated: 1 of 2000; total allocated: 1 of 2000]
Connection leased: [id: 1][route: {}->http://localhost:31529][total kept alive: 0; route allocated: 1 of 2000; total allocated: 1 of 2000]
Stale connection check
http-outgoing-1 << "[read] I/O error: Read timed out"
http-outgoing-1: set socket timeout to 10800000
Executing request POST /session/b9daf1116a44556b8c18347a9e267ac6/execute/sync HTTP/1.1
Target auth state: UNCHALLENGED
Proxy auth state: UNCHALLENGED
http-outgoing-1 >> POST /session/b9daf1116a44556b8c18347a9e267ac6/execute/sync HTTP/1.1
http-outgoing-1 >> Content-Type: application/json; charset=utf-8
http-outgoing-1 >> Content-Length: 6726
http-outgoing-1 >> Host: localhost:31529
http-outgoing-1 >> Connection: Keep-Alive
http-outgoing-1 >> User-Agent: Apache-HttpClient/4.5.3 (Java/1.8.0_221)
http-outgoing-1 >> Accept-Encoding: gzip,deflate
http-outgoing-1 >> "POST /session/b9daf1116a44556b8c18347a9e267ac6/execute/sync HTTP/1.1[\r][\n]"
http-outgoing-1 >> "Content-Type: application/json; charset=utf-8[\r][\n]"
http-outgoing-1 >> "Content-Length: 6726[\r][\n]"
http-outgoing-1 >> "Host: localhost:31529[\r][\n]"
http-outgoing-1 >> "Connection: Keep-Alive[\r][\n]"
http-outgoing-1 >> "User-Agent: Apache-HttpClient/4.5.3 (Java/1.8.0_221)[\r][\n]"
http-outgoing-1 >> "Accept-Encoding: gzip,deflate[\r][\n]"
http-outgoing-1 >> "[\r][\n]"
http-outgoing-1 >> "{"script":"return (function(){return function(){var d=this;function f(a){return\"string\"==typeof a};function h(a,b){this.code=a;this.a=l[a]||m;this.message=b||\"\";a=this.a.replace(/((?:^|\\s+)[a-z])/g,function(a){return a.toUpperCase().replace(/^[\\s\\xa0]+/g,\"\")});b=a.length-5;if(0>b||a.indexOf(\"Error\",b)!=b)a+=\"Error\";this.name=a;a=Error(this.message);a.name=this.name;this.stack=a.stack||\"\"}\n(function(){var a=Error;function b(){}b.prototype=a.prototype;h.b=a.prototype;h.prototype=new b;h.prototype.constructor=h;h.a=function(b,c,g){for(var e=Array(arguments.length-2),k=2;k<arguments.length;k++)e[k-2]=arguments[k];return a.prototype[c].apply(b,e)}})();var m=\"unknown error\",l={15:\"element not selectable\",11:\"element not visible\"};l[31]=m;l[30]=m;l[24]=\"invalid cookie domain\";l[29]=\"invalid element coordinates\";l[12]=\"invalid element state\";l[32]=\"invalid selector\";l[51]=\"invalid selector\";\nl[52]=\"invalid selector\";l[17]=\"javascript error\";l[405]=\"unsupported operation\";l[34]=\"move target out of bounds\";l[27]=\"no such alert\";l[7]=\"no such element\";l[8]=\"no such frame\";l[23]=\"no such window\";l[28]=\"script timeout\";l[33]=\"session not created\";l[10]=\"stale element reference\";l[21]=\"timeout\";l[25]=\"unable to set cookie\";l[26]=\"unexpected alert open\";l[13]=m;l[9]=\"unknown command\";h.prototype.toString=function(){return this.name+\": \"+this.message};var n;a:{var p=d.navigator;if(p){var q=p.userAgent;if(q){n=q;break a}}n=\"\"}function r(a){return-1!=n.indexOf(a)};function t(a,b){for(var e=a.length,c=f(a)?a.split(\"\"):a,g=0;g<e;g++)g in c&&b.call(void 0,c[g],g,a)};function v(){return r(\"iPhone\")&&!r(\"iPod\")&&!r(\"iPad\")};function w(){return(r(\"Chrome\")||r(\"CriOS\"))&&!r(\"Edge\")};var x=r(\"Opera\"),y=r(\"Trident\")||r(\"MSIE\"),z=r(\"Edge\"),A=r(\"Gecko\")&&!(-1!=n.toLowerCase().indexOf(\"webkit\")&&!r(\"Edge\"))&&!(r(\"Trident\")||r(\"MSIE\"))&&!r(\"Edge\"),aa=-1!=n.toLowerCase().indexOf(\"webkit\")&&!r(\"Edge\");function B(){var a=d.document;return a?a.documentMode:void 0}var C;\na:{var D=\"\",E=function(){var a=n;if(A)return/rv\\:([^\\);]+)(\\)|;)/.exec(a);if(z)return/Edge\\/([\\d\\.]+)/.exec(a);if(y)return/\\b(?:MSIE|rv)[: ]([^\\);]+)(\\)|;)/.exec(a);if(aa)return/WebKit\\/(\\S+)/.exec(a);if(x)return/(?:Version)[ \\/]?(\\S+)/.exec(a)}();E&&(D=E?E[1]:\"\");if(y){var F=B();if(null!=F&&F>parseFloat(D)){C=String(F);break a}}C=D}var G;var H=d.document;G=H&&y?B()||(\"CSS1Compat\"==H.compatMode?parseInt(C,10):5):void 0;var ba=r(\"Firefox\"),ca=v()||r(\"iPod\"),da=r(\"iPad\"),I=r(\"Android\")&&!(w()||r(\"Firefox\")||r(\"Opera\")||r(\"Silk\")),ea=w(),J=r(\"Safari\")&&!(w()||r(\"Coast\")||r(\"Opera\")||r(\"Edge\")||r(\"Silk\")||r(\"Android\"))&&!(v()||r(\"iPad\")||r(\"iPod\"));function K(a){return(a=a.exec(n))?a[1]:\"\"}(function(){if(ba)return K(/Firefox\\/([0-9.]+)/);if(y||z||x)return C;if(ea)return v()||r(\"iPad\")||r(\"iPod\")?K(/CriOS\\/([0-9.]+)/):K(/Chrome\\/([0-9.]+)/);if(J&&!(v()||r(\"iPad\")||r(\"iPod\")))return K(/Version\\/([0-9.]+)/);if(ca||da){var a=/Version\\/(\\S+).*Mobile\\/(\\S+)/.exec(n);if(a)return a[1]+\".\"+a[2]}else if(I)return(a=K(/Android\\s+([0-9.]+)/))?a:K(/Version\\/([0-9.]+)/);return\"\"})();var L,M=function(){if(!A)return!1;var a=d.Components;if(!a)return!1;try{if(!a.classes)return!1}catch(g){return!1}var b=a.classes,a=a.interfaces,e=b[\"@mozilla.org/xpcom/version-comparator;1\"].getService(a.nsIVersionComparator),c=b[\"@mozilla.org/xre/app-info;1\"].getService(a.nsIXULAppInfo).version;L=function(a){e.compare(c,\"\"+a)};return!0}(),N=y&&!(8<=Number(G)),fa=y&&!(9<=Number(G));I&&M&&L(2.3);I&&M&&L(4);J&&M&&L(6);var ga={SCRIPT:1,STYLE:1,HEAD:1,IFRAME:1,OBJECT:1},O={IMG:\" \",BR:\"\\n\"};function P(a,b,e){if(!(a.nodeName in ga))if(3==a.nodeType)e?b.push(String(a.nodeValue).replace(/(\\r\\n|\\r|\\n)/g,\"\")):b.push(a.nodeValue);else if(a.nodeName in O)b.push(O[a.nodeName]);else for(a=a.firstChild;a;)P(a,b,e),a=a.nextSibling};function Q(a,b){b=b.toLowerCase();return\"style\"==b?ha(a.style.cssText):N&&\"value\"==b&&R(a,\"INPUT\")?a.value:fa&&!0===a[b]?String(a.getAttribute(b)):(a=a.getAttributeNode(b))&&a.specified?a.value:null}var ia=/[;]+(?=(?:(?:[^\"]*\"){2})*[^\"]*$)(?=(?:(?:[^']*'){2})*[^']*$)(?=(?:[^()]*\\([^()]*\\))*[^()]*$)/;\nfunction ha(a){var b=[];t(a.split(ia),function(a){var c=a.indexOf(\":\");0<c&&(a=[a.slice(0,c),a.slice(c+1)],2==a.length&&b.push(a[0].toLowerCase(),\":\",a[1],\";\"))});b=b.join(\"\");return b=\";\"==b.charAt(b.length-1)?b:b+\";\"}function S(a,b){N&&\"value\"==b&&R(a,\"OPTION\")&&null===Q(a,\"value\")?(b=[],P(a,b,!1),a=b.join(\"\")):a=a[b];return a}function R(a,b){b&&\"string\"!==typeof b&&(b=b.toString());return!!a&&1==a.nodeType&&(!b||a.tagName.toUpperCase()==b)}\nfunction T(a){return R(a,\"OPTION\")?!0:R(a,\"INPUT\")?(a=a.type.toLowerCase(),\"checkbox\"==a||\"radio\"==a):!1};var ja={\"class\":\"className\",readonly:\"readOnly\"},U=\"async autofocus autoplay checked compact complete controls declare defaultchecked defaultselected defer disabled draggable ended formnovalidate hidden indeterminate iscontenteditable ismap itemscope loop multiple muted nohref noresize noshade novalidate nowrap open paused pubdate readonly required reversed scoped seamless seeking selected spellcheck truespeed willvalidate\".split(\" \");function V(a,b){var e=null,c=b.toLowerCase();if(\"style\"==c)return(e=a.style)&&!f(e)&&(e=e.cssText),e;if((\"selected\"==c||\"checked\"==c)&&T(a)){if(!T(a))throw new h(15,\"Element is not selectable\");b=\"selected\";e=a.type&&a.type.toLowerCase();if(\"checkbox\"==e||\"radio\"==e)b=\"checked\";return S(a,b)?\"true\":null}var g=R(a,\"A\");if(R(a,\"IMG\")&&\"src\"==c||g&&\"href\"==c)return(e=Q(a,c))&&(e=S(a,c)),e;if(\"spellcheck\"==c){e=Q(a,c);if(null!==e){if(\"false\"==e.toLowerCase())return\"false\";if(\"true\"==e.toLowerCase())return\"true\"}return S(a,\nc)+\"\"}g=ja[b]||b;a:if(f(U))c=f(c)&&1==c.length?U.indexOf(c,0):-1;else{for(var u=0;u<U.length;u++)if(u in U&&U[u]===c){c=u;break a}c=-1}if(0<=c)return(e=null!==Q(a,b)||S(a,g))?\"true\":null;try{var k=S(a,g)}catch(ka){}(c=null==k)||(c=typeof k,c=\"object\"==c&&null!=k||\"function\"==c);c?e=Q(a,b):e=k;return null!=e?e.toString():null}var W=[\"_\"],X=d;W[0]in X||!X.execScript||X.execScript(\"var \"+W[0]);\nfor(var Y;W.length&&(Y=W.shift());){var Z;if(Z=!W.length)Z=void 0!==V;Z?X[Y]=V:X[Y]&&X[Y]!==Object.prototype[Y]?X=X[Y]:X=X[Y]={}};; return this._.apply(null,arguments);}.apply({navigator:typeof window!='undefined'?window.navigator:null,document:typeof window!='undefined'?window.document:null}, arguments);}\n).apply(null, arguments);","args":[{"element-6066-11e4-a52e-4f735466cecf":"a9329622-4719-46d8-ac15-b3e32d63b9cb"},"multiple"]}"
http-outgoing-1 << "HTTP/1.1 200 OK[\r][\n]"
http-outgoing-1 << "Content-Length:14[\r][\n]"
http-outgoing-1 << "Content-Type:application/json; charset=utf-8[\r][\n]"
http-outgoing-1 << "cache-control:no-cache[\r][\n]"
http-outgoing-1 << "[\r][\n]"
http-outgoing-1 << "{"value":null}"
http-outgoing-1 << HTTP/1.1 200 OK
http-outgoing-1 << Content-Length:14
http-outgoing-1 << Content-Type:application/json; charset=utf-8
http-outgoing-1 << cache-control:no-cache
Connection can be kept alive indefinitely
Connection [id: 1][route: {}->http://localhost:31529] can be kept alive indefinitely
Connection released: [id: 1][route: {}->http://localhost:31529][total kept alive: 1; route allocated: 1 of 2000; total allocated: 1 of 2000]
CookieSpec selected: default
Auth cache not set in the context
Connection request: [route: {}->http://localhost:31529][total kept alive: 1; route allocated: 1 of 2000; total allocated: 1 of 2000]
Connection leased: [id: 1][route: {}->http://localhost:31529][total kept alive: 0; route allocated: 1 of 2000; total allocated: 1 of 2000]
Stale connection check
http-outgoing-1 << "[read] I/O error: Read timed out"
http-outgoing-1: set socket timeout to 10800000
Executing request POST /session/b9daf1116a44556b8c18347a9e267ac6/element/a9329622-4719-46d8-ac15-b3e32d63b9cb/elements HTTP/1.1
Target auth state: UNCHALLENGED
Proxy auth state: UNCHALLENGED
http-outgoing-1 >> POST /session/b9daf1116a44556b8c18347a9e267ac6/element/a9329622-4719-46d8-ac15-b3e32d63b9cb/elements HTTP/1.1
http-outgoing-1 >> Content-Type: application/json; charset=utf-8
http-outgoing-1 >> Content-Length: 127
http-outgoing-1 >> Host: localhost:31529
http-outgoing-1 >> Connection: Keep-Alive
http-outgoing-1 >> User-Agent: Apache-HttpClient/4.5.3 (Java/1.8.0_221)
http-outgoing-1 >> Accept-Encoding: gzip,deflate
http-outgoing-1 >> "POST /session/b9daf1116a44556b8c18347a9e267ac6/element/a9329622-4719-46d8-ac15-b3e32d63b9cb/elements HTTP/1.1[\r][\n]"
http-outgoing-1 >> "Content-Type: application/json; charset=utf-8[\r][\n]"
http-outgoing-1 >> "Content-Length: 127[\r][\n]"
http-outgoing-1 >> "Host: localhost:31529[\r][\n]"
http-outgoing-1 >> "Connection: Keep-Alive[\r][\n]"
http-outgoing-1 >> "User-Agent: Apache-HttpClient/4.5.3 (Java/1.8.0_221)[\r][\n]"
http-outgoing-1 >> "Accept-Encoding: gzip,deflate[\r][\n]"
http-outgoing-1 >> "[\r][\n]"
http-outgoing-1 >> "{"using":"xpath","id":"a9329622-4719-46d8-ac15-b3e32d63b9cb","value":".//option[normalize-space(.) = \"Price: Lowest first\"]"}"
http-outgoing-1 << "HTTP/1.1 200 OK[\r][\n]"
http-outgoing-1 << "Content-Length:90[\r][\n]"
http-outgoing-1 << "Content-Type:application/json; charset=utf-8[\r][\n]"
http-outgoing-1 << "cache-control:no-cache[\r][\n]"
http-outgoing-1 << "[\r][\n]"
http-outgoing-1 << "{"value":[{"element-6066-11e4-a52e-4f735466cecf":"4728af6c-c49d-49dd-a6e4-49e09cb7c0be"}]}"
http-outgoing-1 << HTTP/1.1 200 OK
http-outgoing-1 << Content-Length:90
http-outgoing-1 << Content-Type:application/json; charset=utf-8
http-outgoing-1 << cache-control:no-cache
Connection can be kept alive indefinitely
Connection [id: 1][route: {}->http://localhost:31529] can be kept alive indefinitely
Connection released: [id: 1][route: {}->http://localhost:31529][total kept alive: 1; route allocated: 1 of 2000; total allocated: 1 of 2000]
CookieSpec selected: default
Auth cache not set in the context
Connection request: [route: {}->http://localhost:31529][total kept alive: 1; route allocated: 1 of 2000; total allocated: 1 of 2000]
Connection leased: [id: 1][route: {}->http://localhost:31529][total kept alive: 0; route allocated: 1 of 2000; total allocated: 1 of 2000]
Stale connection check
http-outgoing-1 << "[read] I/O error: Read timed out"
http-outgoing-1: set socket timeout to 10800000
Executing request GET /session/b9daf1116a44556b8c18347a9e267ac6/element/4728af6c-c49d-49dd-a6e4-49e09cb7c0be/selected HTTP/1.1
Target auth state: UNCHALLENGED
Proxy auth state: UNCHALLENGED
http-outgoing-1 >> GET /session/b9daf1116a44556b8c18347a9e267ac6/element/4728af6c-c49d-49dd-a6e4-49e09cb7c0be/selected HTTP/1.1
http-outgoing-1 >> Cache-Control: no-cache
http-outgoing-1 >> Host: localhost:31529
http-outgoing-1 >> Connection: Keep-Alive
http-outgoing-1 >> User-Agent: Apache-HttpClient/4.5.3 (Java/1.8.0_221)
http-outgoing-1 >> Accept-Encoding: gzip,deflate
http-outgoing-1 >> "GET /session/b9daf1116a44556b8c18347a9e267ac6/element/4728af6c-c49d-49dd-a6e4-49e09cb7c0be/selected HTTP/1.1[\r][\n]"
http-outgoing-1 >> "Cache-Control: no-cache[\r][\n]"
http-outgoing-1 >> "Host: localhost:31529[\r][\n]"
http-outgoing-1 >> "Connection: Keep-Alive[\r][\n]"
http-outgoing-1 >> "User-Agent: Apache-HttpClient/4.5.3 (Java/1.8.0_221)[\r][\n]"
http-outgoing-1 >> "Accept-Encoding: gzip,deflate[\r][\n]"
http-outgoing-1 >> "[\r][\n]"
http-outgoing-1 << "HTTP/1.1 200 OK[\r][\n]"
http-outgoing-1 << "Content-Length:15[\r][\n]"
http-outgoing-1 << "Content-Type:application/json; charset=utf-8[\r][\n]"
http-outgoing-1 << "cache-control:no-cache[\r][\n]"
http-outgoing-1 << "[\r][\n]"
http-outgoing-1 << "{"value":false}"
http-outgoing-1 << HTTP/1.1 200 OK
http-outgoing-1 << Content-Length:15
http-outgoing-1 << Content-Type:application/json; charset=utf-8
http-outgoing-1 << cache-control:no-cache
Connection can be kept alive indefinitely
Connection [id: 1][route: {}->http://localhost:31529] can be kept alive indefinitely
Connection released: [id: 1][route: {}->http://localhost:31529][total kept alive: 1; route allocated: 1 of 2000; total allocated: 1 of 2000]
CookieSpec selected: default
Auth cache not set in the context
Connection request: [route: {}->http://localhost:31529][total kept alive: 1; route allocated: 1 of 2000; total allocated: 1 of 2000]
Connection leased: [id: 1][route: {}->http://localhost:31529][total kept alive: 0; route allocated: 1 of 2000; total allocated: 1 of 2000]
Stale connection check
http-outgoing-1 << "[read] I/O error: Read timed out"
http-outgoing-1: set socket timeout to 10800000
Executing request POST /session/b9daf1116a44556b8c18347a9e267ac6/element/4728af6c-c49d-49dd-a6e4-49e09cb7c0be/click HTTP/1.1
Target auth state: UNCHALLENGED
Proxy auth state: UNCHALLENGED
http-outgoing-1 >> POST /session/b9daf1116a44556b8c18347a9e267ac6/element/4728af6c-c49d-49dd-a6e4-49e09cb7c0be/click HTTP/1.1
http-outgoing-1 >> Content-Type: application/json; charset=utf-8
http-outgoing-1 >> Content-Length: 45
http-outgoing-1 >> Host: localhost:31529
http-outgoing-1 >> Connection: Keep-Alive
http-outgoing-1 >> User-Agent: Apache-HttpClient/4.5.3 (Java/1.8.0_221)
http-outgoing-1 >> Accept-Encoding: gzip,deflate
http-outgoing-1 >> "POST /session/b9daf1116a44556b8c18347a9e267ac6/element/4728af6c-c49d-49dd-a6e4-49e09cb7c0be/click HTTP/1.1[\r][\n]"
http-outgoing-1 >> "Content-Type: application/json; charset=utf-8[\r][\n]"
http-outgoing-1 >> "Content-Length: 45[\r][\n]"
http-outgoing-1 >> "Host: localhost:31529[\r][\n]"
http-outgoing-1 >> "Connection: Keep-Alive[\r][\n]"
http-outgoing-1 >> "User-Agent: Apache-HttpClient/4.5.3 (Java/1.8.0_221)[\r][\n]"
http-outgoing-1 >> "Accept-Encoding: gzip,deflate[\r][\n]"
http-outgoing-1 >> "[\r][\n]"
http-outgoing-1 >> "{"id":"4728af6c-c49d-49dd-a6e4-49e09cb7c0be"}"
http-outgoing-1 << "HTTP/1.1 200 OK[\r][\n]"
http-outgoing-1 << "Content-Length:14[\r][\n]"
http-outgoing-1 << "Content-Type:application/json; charset=utf-8[\r][\n]"
http-outgoing-1 << "cache-control:no-cache[\r][\n]"
http-outgoing-1 << "[\r][\n]"
http-outgoing-1 << "{"value":null}"
http-outgoing-1 << HTTP/1.1 200 OK
http-outgoing-1 << Content-Length:14
http-outgoing-1 << Content-Type:application/json; charset=utf-8
http-outgoing-1 << cache-control:no-cache
Connection can be kept alive indefinitely
Connection [id: 1][route: {}->http://localhost:31529] can be kept alive indefinitely
Connection released: [id: 1][route: {}->http://localhost:31529][total kept alive: 1; route allocated: 1 of 2000; total allocated: 1 of 2000]
CookieSpec selected: default
Auth cache not set in the context
Connection request: [route: {}->http://localhost:31529][total kept alive: 1; route allocated: 1 of 2000; total allocated: 1 of 2000]
Connection leased: [id: 1][route: {}->http://localhost:31529][total kept alive: 0; route allocated: 1 of 2000; total allocated: 1 of 2000]
Stale connection check
http-outgoing-1 << "[read] I/O error: Read timed out"
http-outgoing-1: set socket timeout to 10800000
Executing request DELETE /session/b9daf1116a44556b8c18347a9e267ac6/window HTTP/1.1
Target auth state: UNCHALLENGED
Proxy auth state: UNCHALLENGED
http-outgoing-1 >> DELETE /session/b9daf1116a44556b8c18347a9e267ac6/window HTTP/1.1
http-outgoing-1 >> Host: localhost:31529
http-outgoing-1 >> Connection: Keep-Alive
http-outgoing-1 >> User-Agent: Apache-HttpClient/4.5.3 (Java/1.8.0_221)
http-outgoing-1 >> Accept-Encoding: gzip,deflate
http-outgoing-1 >> "DELETE /session/b9daf1116a44556b8c18347a9e267ac6/window HTTP/1.1[\r][\n]"
http-outgoing-1 >> "Host: localhost:31529[\r][\n]"
http-outgoing-1 >> "Connection: Keep-Alive[\r][\n]"
http-outgoing-1 >> "User-Agent: Apache-HttpClient/4.5.3 (Java/1.8.0_221)[\r][\n]"
http-outgoing-1 >> "Accept-Encoding: gzip,deflate[\r][\n]"
http-outgoing-1 >> "[\r][\n]"
http-outgoing-1 << "HTTP/1.1 200 OK[\r][\n]"
http-outgoing-1 << "Content-Length:14[\r][\n]"
http-outgoing-1 << "Content-Type:application/json; charset=utf-8[\r][\n]"
http-outgoing-1 << "cache-control:no-cache[\r][\n]"
http-outgoing-1 << "[\r][\n]"
http-outgoing-1 << "{"value":null}"
http-outgoing-1 << HTTP/1.1 200 OK
http-outgoing-1 << Content-Length:14
http-outgoing-1 << Content-Type:application/json; charset=utf-8
http-outgoing-1 << cache-control:no-cache
Connection can be kept alive indefinitely
Connection [id: 1][route: {}->http://localhost:31529] can be kept alive indefinitely
Connection released: [id: 1][route: {}->http://localhost:31529][total kept alive: 1; route allocated: 1 of 2000; total allocated: 1 of 2000]
CookieSpec selected: default
Auth cache not set in the context
Connection request: [route: {}->http://localhost:31529][total kept alive: 1; route allocated: 1 of 2000; total allocated: 1 of 2000]
Connection leased: [id: 1][route: {}->http://localhost:31529][total kept alive: 0; route allocated: 1 of 2000; total allocated: 1 of 2000]
Stale connection check
http-outgoing-1 << "[read] I/O error: Read timed out"
http-outgoing-1: set socket timeout to 10800000
Executing request DELETE /session/b9daf1116a44556b8c18347a9e267ac6 HTTP/1.1
Target auth state: UNCHALLENGED
Proxy auth state: UNCHALLENGED
http-outgoing-1 >> DELETE /session/b9daf1116a44556b8c18347a9e267ac6 HTTP/1.1
http-outgoing-1 >> Host: localhost:31529
http-outgoing-1 >> Connection: Keep-Alive
http-outgoing-1 >> User-Agent: Apache-HttpClient/4.5.3 (Java/1.8.0_221)
http-outgoing-1 >> Accept-Encoding: gzip,deflate
http-outgoing-1 >> "DELETE /session/b9daf1116a44556b8c18347a9e267ac6 HTTP/1.1[\r][\n]"
http-outgoing-1 >> "Host: localhost:31529[\r][\n]"
http-outgoing-1 >> "Connection: Keep-Alive[\r][\n]"
http-outgoing-1 >> "User-Agent: Apache-HttpClient/4.5.3 (Java/1.8.0_221)[\r][\n]"
http-outgoing-1 >> "Accept-Encoding: gzip,deflate[\r][\n]"
http-outgoing-1 >> "[\r][\n]"
http-outgoing-1 << "HTTP/1.1 200 OK[\r][\n]"
http-outgoing-1 << "Content-Length:14[\r][\n]"
http-outgoing-1 << "Content-Type:application/json; charset=utf-8[\r][\n]"
http-outgoing-1 << "cache-control:no-cache[\r][\n]"
http-outgoing-1 << "[\r][\n]"
http-outgoing-1 << "{"value":null}"
http-outgoing-1 << HTTP/1.1 200 OK
http-outgoing-1 << Content-Length:14
http-outgoing-1 << Content-Type:application/json; charset=utf-8
http-outgoing-1 << cache-control:no-cache
Connection can be kept alive indefinitely
Connection [id: 1][route: {}->http://localhost:31529] can be kept alive indefinitely
Connection released: [id: 1][route: {}->http://localhost:31529][total kept alive: 1; route allocated: 1 of 2000; total allocated: 1 of 2000]
Closing connections idle longer than 0 SECONDS
http-outgoing-1: Close connection
